#
# A fatal error has been detected by the Java Runtime Environment:
#
#  SIGSEGV (0xb) at pc=0x00000001725e7b28, pid=38043, tid=259
#
# JRE version: Java(TM) SE Runtime Environment (22.0.2+9) (build 22.0.2+9-70)
# Java VM: Java HotSpot(TM) 64-Bit Server VM (22.0.2+9-70, mixed mode, sharing, tiered, compressed oops, compressed class ptrs, g1 gc, bsd-aarch64)
# Problematic frame:
# C  [libllvmlite.dylib+0x24bbb28]  llvm::CallBase::hasFnAttrOnCalledFunction(llvm::Attribute::AttrKind) const+0x20
#
# No core dump will be written. Core dumps have been disabled. To enable core dumping, try "ulimit -c unlimited" before starting Java again
#
# If you would like to submit a bug report, please visit:
#   https://bugreport.java.com/bugreport/crash.jsp
# The crash happened outside the Java Virtual Machine in native code.
# See problematic frame for where to report the bug.
#

---------------  S U M M A R Y ------------

Command Line: -Dfile.encoding=UTF8 -ea -Xmx1024m 

Host: "MacBookAir10,1" arm64, 8 cores, 8G, Darwin 24.5.0, macOS 15.5 (24F74)
Time: Wed Jul 23 04:11:14 2025 KST elapsed time: 18.859646 seconds (0d 0h 0m 18s)

---------------  T H R E A D  ---------------

Current thread (0x0000000168397e00):  JavaThread "main"      [_thread_in_native, id=259, stack(0x000000016e86c000,0x000000016f86c000) (16384K)]

Stack: [0x000000016e86c000,0x000000016f86c000],  sp=0x000000016f868b60,  free space=16370k
Native frames: (J=compiled Java code, j=interpreted, Vv=VM code, C=native code)
C  [libllvmlite.dylib+0x24bbb28]  llvm::CallBase::hasFnAttrOnCalledFunction(llvm::Attribute::AttrKind) const+0x20
C  [libllvmlite.dylib+0x203d454]  getCalledFunction(llvm::Value const*, bool&)+0x9c
C  [libllvmlite.dylib+0x203c09c]  llvm::isAllocLikeFn(llvm::Value const*, llvm::TargetLibraryInfo const*)+0x30
C  [libllvmlite.dylib+0x1dc8f28]  llvm::wouldInstructionBeTriviallyDead(llvm::Instruction*, llvm::TargetLibraryInfo const*)+0x184
C  [libllvmlite.dylib+0x1c0454c]  llvm::ReassociatePass::run(llvm::Function&, llvm::AnalysisManager<llvm::Function>&)+0x108
C  [libllvmlite.dylib+0x1c07c18]  (anonymous namespace)::ReassociateLegacyPass::runOnFunction(llvm::Function&)+0x50
C  [libllvmlite.dylib+0x24dfb08]  llvm::FPPassManager::runOnFunction(llvm::Function&)+0x2b0
C  [libllvmlite.dylib+0x1f3b85c]  (anonymous namespace)::CGPassManager::runOnModule(llvm::Module&)+0x338
C  [libllvmlite.dylib+0x24e04c4]  llvm::legacy::PassManagerImpl::run(llvm::Module&)+0x7d8
C  [libllvmlite.dylib+0x2432330]  LLVMRunPassManager+0xc
C  [libllvmlite.dylib+0x199d0]  LLVMPY_RunPassManager+0x20
C  [libffi.dylib+0x8050]  ffi_call_SYSV+0x50
C  [libffi.dylib+0x10af0]  ffi_call_int+0x4c4
C  [_ctypes.cpython-312-darwin.so+0xb3c0]  _ctypes_callproc+0x568
C  [_ctypes.cpython-312-darwin.so+0x32a8]  PyCFuncPtr_call+0xd4
C  [Python+0x85c6c]  _PyObject_Call+0xa4
C  [Python+0x1cda14]  _PyEval_EvalFrameDefault+0xcdbc
C  [Python+0x84aa4]  _PyObject_FastCallDictTstate+0x60
C  [Python+0x11fef0]  slot_tp_call+0xd0
C  [Python+0x84d20]  _PyObject_MakeTpCall+0x80
C  [Python+0x1cbd08]  _PyEval_EvalFrameDefault+0xb0b0
C  [Python+0x88d78]  method_vectorcall+0xb4
C  [_dispatcher.cpython-312-darwin.so+0x609c]  compile_and_invoke(Dispatcher*, _object*, _object*, _object*)+0x40
C  [_dispatcher.cpython-312-darwin.so+0x5514]  Dispatcher_call(Dispatcher*, _object*, _object*)+0x224
C  [Python+0x84d20]  _PyObject_MakeTpCall+0x80
C  [Python+0x1cbd08]  _PyEval_EvalFrameDefault+0xb0b0
C  [Python+0x88d78]  method_vectorcall+0xb4
C  [Python+0x1cda14]  _PyEval_EvalFrameDefault+0xcdbc
C  [Python+0xa76b8]  gen_send_ex2+0xc4
C  [_asyncio.cpython-312-darwin.so+0x4f7c]  task_step_impl+0x1b4
C  [_asyncio.cpython-312-darwin.so+0x4d54]  task_step+0x3c
C  [Python+0x84d20]  _PyObject_MakeTpCall+0x80
C  [Python+0x1f2ea8]  context_run+0x68
C  [Python+0xf30a4]  cfunction_vectorcall_FASTCALL_KEYWORDS+0x5c
C  [Python+0x1cda14]  _PyEval_EvalFrameDefault+0xcdbc
C  [Python+0x1c0940]  PyEval_EvalCode+0x130
C  [Python+0x240ddc]  run_mod+0xb0
C  [Python+0x24004c]  PyRun_SimpleStringFlags+0xbc
C  [Python+0x26c34c]  Py_RunMain+0x2e4
C  [Python+0x26c85c]  pymain_main+0x24
C  [Python+0x26c8d4]  Py_BytesMain+0x28
C  [dyld+0x6b98]  start+0x17bc

siginfo: si_signo: 11 (SIGSEGV), si_code: 2 (SEGV_ACCERR), si_addr: 0x0000000000000010

Registers:
 x0=0x000000015e093e30  x1=0x0000000000000016  x2=0x0000000000000000  x3=0x0000000000000000
 x4=0x0000000000000000  x5=0x0000000000000001  x6=0x0000000000000002  x7=0x0000000000000001
 x8=0x0000000000000000  x9=0x0000000000000400 x10=0x0100060000000001 x11=0x000000016f868890
x12=0x0000000000000000 x13=0xfffffffffffff000 x14=0x0000000000000001 x15=0x0000000000000000
x16=0xd7960001005bc080 x17=0x0000000355168960 x18=0x0000000000000000 x19=0x000000015e093e30
x20=0x000000016f868bc0 x21=0x000000015e093e70 x22=0x0000000352ec2b78 x23=0x000000015e093e30
x24=0x000000016df16f58 x25=0x000000016df16f40 x26=0x0000000000000001 x27=0x00000000000001ff
x28=0xffffffffffffe000  fp=0x000000016f868b70  lr=0x0000000172169454  sp=0x000000016f868b60
pc=0x00000001725e7b28 cpsr=0x0000000060001000

Register to memory mapping:

x0 =0x000000015e093e30 points into unknown readable memory: 0x00000001323f8e08 | 08 8e 3f 32 01 00 00 00
x1 =0x0000000000000016 is an unknown value
x2 =0x0 is null
x3 =0x0 is null
x4 =0x0 is null
x5 =0x0000000000000001 is an unknown value
x6 =0x0000000000000002 is an unknown value
x7 =0x0000000000000001 is an unknown value
x8 =0x0 is null
x9 =0x0000000000000400 is an unknown value
x10=0x0100060000000001 is an unknown value
x11=0x000000016f868890 is pointing into the stack for thread: 0x0000000168397e00
x12=0x0 is null
x13=0xfffffffffffff000 is an unknown value
x14=0x0000000000000001 is an unknown value
x15=0x0 is null
x16=0xd7960001005bc080 is an unknown value
x17=0x0000000355168960 points into unknown readable memory: 0x00000003514b2480 | 80 24 4b 51 03 00 00 00
x18=0x0 is null
x19=0x000000015e093e30 points into unknown readable memory: 0x00000001323f8e08 | 08 8e 3f 32 01 00 00 00
x20=0x000000016f868bc0 is pointing into the stack for thread: 0x0000000168397e00
x21=0x000000015e093e70 points into unknown readable memory: 0x0000000000000000 | 00 00 00 00 00 00 00 00
x22=0x0000000352ec2b78 points into unknown readable memory: 0x000000015e5c5350 | 50 53 5c 5e 01 00 00 00
x23=0x000000015e093e30 points into unknown readable memory: 0x00000001323f8e08 | 08 8e 3f 32 01 00 00 00
x24=0x000000016df16f58 points into unknown readable memory: 0x000000015e093e80 | 80 3e 09 5e 01 00 00 00
x25=0x000000016df16f40 points into unknown readable memory: 0x000000015e084ed0 | d0 4e 08 5e 01 00 00 00
x26=0x0000000000000001 is an unknown value
x27=0x00000000000001ff is an unknown value
x28=0xffffffffffffe000 is an unknown value
 fp=0x000000016f868b70 is pointing into the stack for thread: 0x0000000168397e00
 lr=0x0000000172169454: _ZL17getCalledFunctionPKN4llvm5ValueERb+0x9c in /Library/Frameworks/Python.framework/Versions/3.12/lib/python3.12/site-packages/llvmlite/binding/libllvmlite.dylib at 0x000000017012c000
 sp=0x000000016f868b60 is pointing into the stack for thread: 0x0000000168397e00

Top of Stack: (sp=0x000000016f868b60)
0x000000016f868b60:   000000000000000e c9cdc1cc7f010088
0x000000016f868b70:   000000016f868ba0 0000000172169454
0x000000016f868b80:   0000000352ec2b78 000000015e093e48
0x000000016f868b90:   0000000000000000 000000015e093e30
0x000000016f868ba0:   000000016f868c00 000000017216809c
0x000000016f868bb0:   0000000352ec2b48 0000000352ec2b30
0x000000016f868bc0:   c9cdc1cc7f010088 0000000171d260cc
0x000000016f868bd0:   0000000200000000 0000000800000000
0x000000016f868be0:   0000000000000000 c9cdc1cc7f010088
0x000000016f868bf0:   0000000000000000 000000015e093e30
0x000000016f868c00:   000000016f868c30 0000000171ef4f28
0x000000016f868c10:   0000000352ec2b78 000000015e093e48
0x000000016f868c20:   0000000352ec2b30 000000015e093ea8
0x000000016f868c30:   000000016f868d20 0000000171d3054c
0x000000016f868c40:   000000016f868cd0 000000016f868d78
0x000000016f868c50:   0000000352ec2b60 000000016df16f40
0x000000016f868c60:   000000016df16f60 000000016df16f60
0x000000016f868c70:   0000000342a38598 0000000342a38598
0x000000016f868c80:   000000016f868d20 000000017264d9e4
0x000000016f868c90:   0000000000000008 000000016f868d60
0x000000016f868ca0:   000000016fad1a50 000000015fac3d40
0x000000016f868cb0:   000000016fad1a50 c9cdc1cc7f010088
0x000000016f868cc0:   0000000200000000 0000000800000000
0x000000016f868cd0:   0000000000000000 0000000352ec2b10
0x000000016f868ce0:   0000000000000000 0000000000000017
0x000000016f868cf0:   0000000000000001 000000000000001e
0x000000016f868d00:   000000016fad1a50 0000000000000000
0x000000016f868d10:   0000000352ec2b10 0000000342a38598
0x000000016f868d20:   000000016f868df0 0000000171d33c18
0x000000016f868d30:   0000000000000000 0000000000000000
0x000000016f868d40:   0000000100000000 0000000000000000
0x000000016f868d50:   0000000000000000 0000000300000000 

Instructions: (pc=0x00000001725e7b28)
0x00000001725e7a28:   f6 57 01 a9 f4 4f 02 a9 fd 7b 03 a9 fd c3 00 91
0x00000001725e7a38:   f3 03 02 aa f5 03 00 aa a8 df 00 b0 08 2d 40 f9
0x00000001725e7a48:   08 01 40 f9 e8 07 00 f9 00 00 01 91 34 04 00 11
0x00000001725e7a58:   e1 03 14 aa 4a 3f fc 97 a0 01 00 36 20 00 80 52
0x00000001725e7a68:   e8 07 40 f9 a9 df 00 b0 29 2d 40 f9 29 01 40 f9
0x00000001725e7a78:   3f 01 08 eb a1 02 00 54 fd 7b 43 a9 f4 4f 42 a9
0x00000001725e7a88:   f6 57 41 a9 ff 03 01 91 c0 03 5f d6 a8 02 5e f8
0x00000001725e7a98:   e8 00 00 b4 09 41 40 39 a9 00 00 35 09 0d 40 f9
0x00000001725e7aa8:   aa 26 40 f9 3f 01 0a eb 20 01 00 54 00 00 80 52
0x00000001725e7ab8:   e8 07 40 f9 a9 df 00 b0 29 2d 40 f9 29 01 40 f9
0x00000001725e7ac8:   3f 01 08 eb a0 fd ff 54 60 85 08 94 08 39 40 f9
0x00000001725e7ad8:   e8 03 00 f9 e0 03 00 91 e1 03 14 aa e2 03 13 aa
0x00000001725e7ae8:   27 3f fc 97 e8 07 40 f9 a9 df 00 b0 29 2d 40 f9
0x00000001725e7af8:   29 01 40 f9 3f 01 08 eb 00 fc ff 54 f3 ff ff 17
0x00000001725e7b08:   ff 83 00 d1 fd 7b 01 a9 fd 43 00 91 a8 df 00 b0
0x00000001725e7b18:   08 2d 40 f9 08 01 40 f9 e8 07 00 f9 08 00 5e f8
0x00000001725e7b28:   09 41 40 39 3f 15 00 71 04 09 40 fa 20 01 00 54
0x00000001725e7b38:   09 25 40 79 3f c5 00 71 21 01 00 54 09 15 40 b9
0x00000001725e7b48:   29 69 40 92 08 15 09 cb 08 01 40 f9 09 41 40 39
0x00000001725e7b58:   3f 01 00 71 04 09 40 fa 61 01 00 54 00 00 80 52
0x00000001725e7b68:   e8 07 40 f9 a9 df 00 b0 29 2d 40 f9 29 01 40 f9
0x00000001725e7b78:   3f 01 08 eb c1 01 00 54 fd 7b 41 a9 ff 83 00 91
0x00000001725e7b88:   c0 03 5f d6 08 39 40 f9 e8 03 00 f9 e0 03 00 91
0x00000001725e7b98:   4a 44 fc 97 e8 07 40 f9 a9 df 00 b0 29 2d 40 f9
0x00000001725e7ba8:   29 01 40 f9 3f 01 08 eb 80 fe ff 54 27 85 08 94
0x00000001725e7bb8:   ff 83 00 d1 fd 7b 01 a9 fd 43 00 91 a8 df 00 b0
0x00000001725e7bc8:   08 2d 40 f9 08 01 40 f9 e8 07 00 f9 08 00 5e f8
0x00000001725e7bd8:   09 41 40 39 3f 15 00 71 04 09 40 fa 20 01 00 54
0x00000001725e7be8:   09 25 40 79 3f c5 00 71 21 01 00 54 09 15 40 b9
0x00000001725e7bf8:   29 69 40 92 08 15 09 cb 08 01 40 f9 09 41 40 39
0x00000001725e7c08:   3f 01 00 71 04 09 40 fa 61 01 00 54 00 00 80 52
0x00000001725e7c18:   e8 07 40 f9 a9 df 00 b0 29 2d 40 f9 29 01 40 f9 


Stack slot to memory mapping:

stack at sp + 0 slots: 0x000000000000000e is an unknown value
stack at sp + 1 slots: 0xc9cdc1cc7f010088 is an unknown value
stack at sp + 2 slots: 0x000000016f868ba0 is pointing into the stack for thread: 0x0000000168397e00
stack at sp + 3 slots: 0x0000000172169454: _ZL17getCalledFunctionPKN4llvm5ValueERb+0x9c in /Library/Frameworks/Python.framework/Versions/3.12/lib/python3.12/site-packages/llvmlite/binding/libllvmlite.dylib at 0x000000017012c000
stack at sp + 4 slots: 0x0000000352ec2b78 points into unknown readable memory: 0x000000015e5c5350 | 50 53 5c 5e 01 00 00 00
stack at sp + 5 slots: 0x000000015e093e48 points into unknown readable memory: 0x0000000000000000 | 00 00 00 00 00 00 00 00
stack at sp + 6 slots: 0x0 is null
stack at sp + 7 slots: 0x000000015e093e30 points into unknown readable memory: 0x00000001323f8e08 | 08 8e 3f 32 01 00 00 00


---------------  P R O C E S S  ---------------

Threads class SMR info:
_java_thread_list=0x000000010482ad20, length=10, elements={
0x0000000168397e00, 0x00000003102d5e00, 0x00000003102d6600, 0x000000016e643e00,
0x000000016e646800, 0x000000016e647000, 0x000000016e64f800, 0x0000000168424c00,
0x00000003102d8000, 0x00000003566e0a00
}

Java Threads: ( => current thread )
=>0x0000000168397e00 JavaThread "main"                       [_thread_in_native, id=259, stack(0x000000016e86c000,0x000000016f86c000) (16384K)]
  0x00000003102d5e00 JavaThread "Reference Handler"          [_thread_blocked, id=24067, stack(0x00000003494a0000,0x00000003496a3000) (2060K)]
  0x00000003102d6600 JavaThread "Finalizer"                  [_thread_blocked, id=24323, stack(0x00000003496ac000,0x00000003498af000) (2060K)]
  0x000000016e643e00 JavaThread "Service Thread"             [_thread_blocked, id=29187, stack(0x0000000349ac4000,0x0000000349cc7000) (2060K)]
  0x000000016e646800 JavaThread "Monitor Deflation Thread"   [_thread_blocked, id=28675, stack(0x0000000349cd0000,0x0000000349ed3000) (2060K)]
  0x000000016e647000 JavaThread "C2 CompilerThread0"         [_thread_blocked, id=28163, stack(0x0000000349edc000,0x000000034a0df000) (2060K)]
  0x000000016e64f800 JavaThread "C1 CompilerThread0"         [_thread_blocked, id=25347, stack(0x000000034a0e8000,0x000000034a2eb000) (2060K)]
  0x0000000168424c00 JavaThread "Notification Thread"        [_thread_blocked, id=27907, stack(0x000000034a2f4000,0x000000034a4f7000) (2060K)]
  0x00000003102d8000 JavaThread "Common-Cleaner"             [_thread_blocked, id=26115, stack(0x000000034a500000,0x000000034a703000) (2060K)]
  0x00000003566e0a00 JavaThread "SIGTERM handler"            [_thread_blocked, id=38151, stack(0x0000000357c04000,0x0000000357e07000) (2060K)]
Total: 10

Other Threads:
  0x000000031e939fa0 VMThread "VM Thread"                           [id=32259, stack(0x0000000347004000,0x0000000347207000) (2060K)]
  0x000000016faa7190 WorkerThread "GC Thread#0"                     [id=21507, stack(0x0000000340328000,0x000000034052b000) (2060K)]
  0x000000031e9ae600 WorkerThread "GC Thread#1"                     [id=27139, stack(0x000000034ac04000,0x000000034ae07000) (2060K)]
  0x000000031e9aec70 WorkerThread "GC Thread#2"                     [id=26627, stack(0x000000034ae10000,0x000000034b013000) (2060K)]
  0x000000034b1553b0 WorkerThread "GC Thread#3"                     [id=33027, stack(0x000000034b204000,0x000000034b407000) (2060K)]
  0x000000034b155c90 WorkerThread "GC Thread#4"                     [id=43011, stack(0x000000034b410000,0x000000034b613000) (2060K)]
  0x000000034b156a30 WorkerThread "GC Thread#5"                     [id=42499, stack(0x000000034c004000,0x000000034c207000) (2060K)]
  0x000000034b19a250 WorkerThread "GC Thread#6"                     [id=41475, stack(0x000000034c41c000,0x000000034c61f000) (2060K)]
  0x000000016faa80c0 ConcurrentGCThread "G1 Main Marker"            terminated
  0x000000016faa8ed0 WorkerThread "G1 Conc#0"                       [id=16899, stack(0x0000000340740000,0x0000000340943000) (2060K)]
  0x000000016fb9b330 WorkerThread "G1 Conc#1"                       [id=41987, stack(0x000000034c210000,0x000000034c413000) (2060K)]
  0x0000000168422200 ConcurrentGCThread "G1 Refine#0"               terminated
  0x000000016fad00e0 ConcurrentGCThread "G1 Service"                terminated
Total: 13

Threads with active compile tasks:
Total: 0

VM state: at safepoint (shutting down)

VM Mutex/Monitor currently owned by a thread:  ([mutex/lock_event])
[0x0000000328d18dd8] Threads_lock - owner thread: 0x000000031e939fa0
[0x0000000328d18e58] Heap_lock - owner thread: 0x00000003566e0a00

Heap address: 0x00000007c0000000, size: 1024 MB, Compressed Oops mode: Zero based, Oop shift amount: 3

CDS archive(s) mapped at: [0x000000fc00000000-0x000000fc00c74000-0x000000fc00c74000), size 13058048, SharedBaseAddress: 0x000000fc00000000, ArchiveRelocationMode: 1.
Compressed class space mapped at: 0x000000fc01000000-0x000000fc41000000, reserved size: 1073741824
Narrow klass base: 0x000000fc00000000, Narrow klass shift: 0, Narrow klass range: 0x100000000

GC Precious Log:
 CardTable entry size: 512
 Card Set container configuration: InlinePtr #cards 5 size 8 Array Of Cards #cards 12 size 40 Howl #buckets 4 coarsen threshold 1843 Howl Bitmap #cards 512 size 80 coarsen threshold 460 Card regions per heap region 1 cards per card region 2048
 CPUs: 8 total, 8 available
 Memory: 8192M
 Large Page Support: Disabled
 NUMA Support: Disabled
 Compressed Oops: Enabled (Zero based)
 Heap Region Size: 1M
 Heap Min Capacity: 8M
 Heap Initial Capacity: 128M
 Heap Max Capacity: 1G
 Pre-touch: Disabled
 Parallel Workers: 8
 Concurrent Workers: 2
 Concurrent Refinement Workers: 8
 Periodic GC: Disabled

Heap:
 garbage-first heap   total reserved 1048576K, committed 273408K, used 168954K [0x00000007c0000000, 0x0000000800000000)
  region size 1024K, 89 young (91136K), 1 survivors (1024K)
 Metaspace       used 11249K, committed 11520K, reserved 1114112K
  class space    used 1693K, committed 1856K, reserved 1048576K

Heap Regions: E=young(eden), S=young(survivor), O=old, HS=humongous(starts), HC=humongous(continues), CS=collection set, F=free, TAMS=top-at-mark-start, PB=parsable bottom
|   0|0x00000007c0000000, 0x00000007c00ffff0, 0x00000007c0100000| 99%| O|  |TAMS 0x00000007c0000000| PB 0x00000007c0000000| Untracked |  0
|   1|0x00000007c0100000, 0x00000007c01ffff0, 0x00000007c0200000| 99%| O|  |TAMS 0x00000007c0100000| PB 0x00000007c0100000| Untracked |  0
|   2|0x00000007c0200000, 0x00000007c02ffff0, 0x00000007c0300000| 99%| O|  |TAMS 0x00000007c0200000| PB 0x00000007c0200000| Untracked |  0
|   3|0x00000007c0300000, 0x00000007c03ffff0, 0x00000007c0400000| 99%| O|  |TAMS 0x00000007c0300000| PB 0x00000007c0300000| Untracked |  0
|   4|0x00000007c0400000, 0x00000007c0500000, 0x00000007c0500000|100%| O|  |TAMS 0x00000007c0400000| PB 0x00000007c0400000| Untracked |  0
|   5|0x00000007c0500000, 0x00000007c0600000, 0x00000007c0600000|100%| O|  |TAMS 0x00000007c0500000| PB 0x00000007c0500000| Untracked |  0
|   6|0x00000007c0600000, 0x00000007c06ffff0, 0x00000007c0700000| 99%| O|  |TAMS 0x00000007c0600000| PB 0x00000007c0600000| Untracked |  0
|   7|0x00000007c0700000, 0x00000007c07ffff0, 0x00000007c0800000| 99%| O|  |TAMS 0x00000007c0700000| PB 0x00000007c0700000| Untracked |  0
|   8|0x00000007c0800000, 0x00000007c0900000, 0x00000007c0900000|100%| O|  |TAMS 0x00000007c0800000| PB 0x00000007c0800000| Untracked |  0
|   9|0x00000007c0900000, 0x00000007c0a00000, 0x00000007c0a00000|100%|HS|  |TAMS 0x00000007c0900000| PB 0x00000007c0900000| Untracked |  0
|  10|0x00000007c0a00000, 0x00000007c0b00000, 0x00000007c0b00000|100%| O|  |TAMS 0x00000007c0a00000| PB 0x00000007c0a00000| Untracked |  0
|  11|0x00000007c0b00000, 0x00000007c0c00000, 0x00000007c0c00000|100%| O|  |TAMS 0x00000007c0b00000| PB 0x00000007c0b00000| Untracked |  0
|  12|0x00000007c0c00000, 0x00000007c0d00000, 0x00000007c0d00000|100%|HS|  |TAMS 0x00000007c0c00000| PB 0x00000007c0c00000| Untracked |  0
|  13|0x00000007c0d00000, 0x00000007c0e00000, 0x00000007c0e00000|100%|HS|  |TAMS 0x00000007c0d00000| PB 0x00000007c0d00000| Untracked |  0
|  14|0x00000007c0e00000, 0x00000007c0f00000, 0x00000007c0f00000|100%|HC|  |TAMS 0x00000007c0e00000| PB 0x00000007c0e00000| Untracked |  0
|  15|0x00000007c0f00000, 0x00000007c1000000, 0x00000007c1000000|100%|HS|  |TAMS 0x00000007c0f00000| PB 0x00000007c0f00000| Untracked |  0
|  16|0x00000007c1000000, 0x00000007c1100000, 0x00000007c1100000|100%|HC|  |TAMS 0x00000007c1000000| PB 0x00000007c1000000| Untracked |  0
|  17|0x00000007c1100000, 0x00000007c11ffff0, 0x00000007c1200000| 99%| O|  |TAMS 0x00000007c1100000| PB 0x00000007c1100000| Untracked |  0
|  18|0x00000007c1200000, 0x00000007c12ffff8, 0x00000007c1300000| 99%| O|  |TAMS 0x00000007c1200000| PB 0x00000007c1200000| Untracked |  0
|  19|0x00000007c1300000, 0x00000007c13fc7c0, 0x00000007c1400000| 98%| O|  |TAMS 0x00000007c1300000| PB 0x00000007c1300000| Untracked |  0
|  20|0x00000007c1400000, 0x00000007c1500000, 0x00000007c1500000|100%| O|  |TAMS 0x00000007c1400000| PB 0x00000007c1400000| Untracked |  0
|  21|0x00000007c1500000, 0x00000007c15ffff8, 0x00000007c1600000| 99%| O|  |TAMS 0x00000007c1500000| PB 0x00000007c1500000| Untracked |  0
|  22|0x00000007c1600000, 0x00000007c1700000, 0x00000007c1700000|100%| O|  |TAMS 0x00000007c1600000| PB 0x00000007c1600000| Untracked |  0
|  23|0x00000007c1700000, 0x00000007c1800000, 0x00000007c1800000|100%| O|  |TAMS 0x00000007c1700000| PB 0x00000007c1700000| Untracked |  0
|  24|0x00000007c1800000, 0x00000007c18ffff8, 0x00000007c1900000| 99%| O|  |TAMS 0x00000007c1800000| PB 0x00000007c1800000| Untracked |  0
|  25|0x00000007c1900000, 0x00000007c19ffff0, 0x00000007c1a00000| 99%| O|  |TAMS 0x00000007c1900000| PB 0x00000007c1900000| Untracked |  0
|  26|0x00000007c1a00000, 0x00000007c1afffe8, 0x00000007c1b00000| 99%| O|  |TAMS 0x00000007c1a00000| PB 0x00000007c1a00000| Untracked |  0
|  27|0x00000007c1b00000, 0x00000007c1c00000, 0x00000007c1c00000|100%|HS|  |TAMS 0x00000007c1b00000| PB 0x00000007c1b00000| Untracked |  0
|  28|0x00000007c1c00000, 0x00000007c1d00000, 0x00000007c1d00000|100%|HC|  |TAMS 0x00000007c1c00000| PB 0x00000007c1c00000| Untracked |  0
|  29|0x00000007c1d00000, 0x00000007c1dffff8, 0x00000007c1e00000| 99%| O|  |TAMS 0x00000007c1d00000| PB 0x00000007c1d00000| Untracked |  0
|  30|0x00000007c1e00000, 0x00000007c1ef4a48, 0x00000007c1f00000| 95%| O|  |TAMS 0x00000007c1e00000| PB 0x00000007c1e00000| Untracked |  0
|  31|0x00000007c1f00000, 0x00000007c1fffff8, 0x00000007c2000000| 99%| O|  |TAMS 0x00000007c1f00000| PB 0x00000007c1f00000| Untracked |  0
|  32|0x00000007c2000000, 0x00000007c20ffff8, 0x00000007c2100000| 99%| O|  |TAMS 0x00000007c2000000| PB 0x00000007c2000000| Untracked |  0
|  33|0x00000007c2100000, 0x00000007c21ffff0, 0x00000007c2200000| 99%| O|  |TAMS 0x00000007c2100000| PB 0x00000007c2100000| Untracked |  0
|  34|0x00000007c2200000, 0x00000007c22fffe8, 0x00000007c2300000| 99%| O|  |TAMS 0x00000007c2200000| PB 0x00000007c2200000| Untracked |  0
|  35|0x00000007c2300000, 0x00000007c23ffff0, 0x00000007c2400000| 99%| O|  |TAMS 0x00000007c2300000| PB 0x00000007c2300000| Untracked |  0
|  36|0x00000007c2400000, 0x00000007c2500000, 0x00000007c2500000|100%|HS|  |TAMS 0x00000007c2400000| PB 0x00000007c2400000| Untracked |  0
|  37|0x00000007c2500000, 0x00000007c2600000, 0x00000007c2600000|100%|HC|  |TAMS 0x00000007c2500000| PB 0x00000007c2500000| Untracked |  0
|  38|0x00000007c2600000, 0x00000007c26ffff8, 0x00000007c2700000| 99%| O|  |TAMS 0x00000007c2600000| PB 0x00000007c2600000| Untracked |  0
|  39|0x00000007c2700000, 0x00000007c2800000, 0x00000007c2800000|100%|HS|  |TAMS 0x00000007c2700000| PB 0x00000007c2700000| Untracked |  0
|  40|0x00000007c2800000, 0x00000007c2900000, 0x00000007c2900000|100%|HC|  |TAMS 0x00000007c2800000| PB 0x00000007c2800000| Untracked |  0
|  41|0x00000007c2900000, 0x00000007c29ffff0, 0x00000007c2a00000| 99%| O|  |TAMS 0x00000007c2900000| PB 0x00000007c2900000| Untracked |  0
|  42|0x00000007c2a00000, 0x00000007c2b00000, 0x00000007c2b00000|100%| O|  |TAMS 0x00000007c2a00000| PB 0x00000007c2a00000| Untracked |  0
|  43|0x00000007c2b00000, 0x00000007c2c00000, 0x00000007c2c00000|100%| O|  |TAMS 0x00000007c2b00000| PB 0x00000007c2b00000| Untracked |  0
|  44|0x00000007c2c00000, 0x00000007c2cffff0, 0x00000007c2d00000| 99%| O|  |TAMS 0x00000007c2c00000| PB 0x00000007c2c00000| Untracked |  0
|  45|0x00000007c2d00000, 0x00000007c2e00000, 0x00000007c2e00000|100%|HS|  |TAMS 0x00000007c2d00000| PB 0x00000007c2d00000| Untracked |  0
|  46|0x00000007c2e00000, 0x00000007c2f00000, 0x00000007c2f00000|100%|HC|  |TAMS 0x00000007c2e00000| PB 0x00000007c2e00000| Untracked |  0
|  47|0x00000007c2f00000, 0x00000007c3000000, 0x00000007c3000000|100%|HS|  |TAMS 0x00000007c2f00000| PB 0x00000007c2f00000| Untracked |  0
|  48|0x00000007c3000000, 0x00000007c3100000, 0x00000007c3100000|100%| O|  |TAMS 0x00000007c3000000| PB 0x00000007c3000000| Untracked |  0
|  49|0x00000007c3100000, 0x00000007c31ffff8, 0x00000007c3200000| 99%| O|  |TAMS 0x00000007c3100000| PB 0x00000007c3100000| Untracked |  0
|  50|0x00000007c3200000, 0x00000007c32ffff8, 0x00000007c3300000| 99%| O|  |TAMS 0x00000007c3200000| PB 0x00000007c3200000| Untracked |  0
|  51|0x00000007c3300000, 0x00000007c3400000, 0x00000007c3400000|100%| O|  |TAMS 0x00000007c3300000| PB 0x00000007c3300000| Untracked |  0
|  52|0x00000007c3400000, 0x00000007c34ffff8, 0x00000007c3500000| 99%| O|  |TAMS 0x00000007c3400000| PB 0x00000007c3400000| Untracked |  0
|  53|0x00000007c3500000, 0x00000007c3600000, 0x00000007c3600000|100%| O|  |TAMS 0x00000007c3500000| PB 0x00000007c3500000| Untracked |  0
|  54|0x00000007c3600000, 0x00000007c36ffff0, 0x00000007c3700000| 99%| O|  |TAMS 0x00000007c3600000| PB 0x00000007c3600000| Untracked |  0
|  55|0x00000007c3700000, 0x00000007c3800000, 0x00000007c3800000|100%| O|  |TAMS 0x00000007c3700000| PB 0x00000007c3700000| Untracked |  0
|  56|0x00000007c3800000, 0x00000007c38ffff8, 0x00000007c3900000| 99%| O|  |TAMS 0x00000007c3800000| PB 0x00000007c3800000| Untracked |  0
|  57|0x00000007c3900000, 0x00000007c39ffff8, 0x00000007c3a00000| 99%| O|  |TAMS 0x00000007c3900000| PB 0x00000007c3900000| Untracked |  0
|  58|0x00000007c3a00000, 0x00000007c3b00000, 0x00000007c3b00000|100%| O|  |TAMS 0x00000007c3a00000| PB 0x00000007c3a00000| Untracked |  0
|  59|0x00000007c3b00000, 0x00000007c3c00000, 0x00000007c3c00000|100%| O|  |TAMS 0x00000007c3b00000| PB 0x00000007c3b00000| Untracked |  0
|  60|0x00000007c3c00000, 0x00000007c3d00000, 0x00000007c3d00000|100%| O|  |TAMS 0x00000007c3c00000| PB 0x00000007c3c00000| Untracked |  0
|  61|0x00000007c3d00000, 0x00000007c3e00000, 0x00000007c3e00000|100%| O|  |TAMS 0x00000007c3d00000| PB 0x00000007c3d00000| Untracked |  0
|  62|0x00000007c3e00000, 0x00000007c3f00000, 0x00000007c3f00000|100%| O|  |TAMS 0x00000007c3e00000| PB 0x00000007c3e00000| Untracked |  0
|  63|0x00000007c3f00000, 0x00000007c3fffff8, 0x00000007c4000000| 99%| O|  |TAMS 0x00000007c3f00000| PB 0x00000007c3f00000| Untracked |  0
|  64|0x00000007c4000000, 0x00000007c4100000, 0x00000007c4100000|100%| O|  |TAMS 0x00000007c4000000| PB 0x00000007c4000000| Untracked |  0
|  65|0x00000007c4100000, 0x00000007c41ffff8, 0x00000007c4200000| 99%| O|  |TAMS 0x00000007c4100000| PB 0x00000007c4100000| Untracked |  0
|  66|0x00000007c4200000, 0x00000007c4300000, 0x00000007c4300000|100%| O|  |TAMS 0x00000007c4200000| PB 0x00000007c4200000| Untracked |  0
|  67|0x00000007c4300000, 0x00000007c43dc778, 0x00000007c4400000| 86%| O|  |TAMS 0x00000007c4300000| PB 0x00000007c4300000| Untracked |  0
|  68|0x00000007c4400000, 0x00000007c44ffff8, 0x00000007c4500000| 99%| O|  |TAMS 0x00000007c4400000| PB 0x00000007c4400000| Untracked |  0
|  69|0x00000007c4500000, 0x00000007c45ffff0, 0x00000007c4600000| 99%| O|  |TAMS 0x00000007c4500000| PB 0x00000007c4500000| Untracked |  0
|  70|0x00000007c4600000, 0x00000007c46ffff0, 0x00000007c4700000| 99%| O|  |TAMS 0x00000007c4600000| PB 0x00000007c4600000| Untracked |  0
|  71|0x00000007c4700000, 0x00000007c47ffff8, 0x00000007c4800000| 99%| O|  |TAMS 0x00000007c4700000| PB 0x00000007c4700000| Untracked |  0
|  72|0x00000007c4800000, 0x00000007c489ae10, 0x00000007c4900000| 60%| O|  |TAMS 0x00000007c4800000| PB 0x00000007c4800000| Untracked |  0
|  73|0x00000007c4900000, 0x00000007c49f3018, 0x00000007c4a00000| 94%| O|  |TAMS 0x00000007c4900000| PB 0x00000007c4900000| Untracked |  0
|  74|0x00000007c4a00000, 0x00000007c4a00058, 0x00000007c4b00000|  0%| O|  |TAMS 0x00000007c4a00000| PB 0x00000007c4a00000| Untracked |  0
|  75|0x00000007c4b00000, 0x00000007c4bbacb0, 0x00000007c4c00000| 72%| O|  |TAMS 0x00000007c4b00000| PB 0x00000007c4b00000| Untracked |  0
|  76|0x00000007c4c00000, 0x00000007c4cffff8, 0x00000007c4d00000| 99%| O|  |TAMS 0x00000007c4c00000| PB 0x00000007c4c00000| Untracked |  0
|  77|0x00000007c4d00000, 0x00000007c4e00000, 0x00000007c4e00000|100%| O|  |TAMS 0x00000007c4d00000| PB 0x00000007c4d00000| Untracked |  0
|  78|0x00000007c4e00000, 0x00000007c4edec58, 0x00000007c4f00000| 87%| O|  |TAMS 0x00000007c4e00000| PB 0x00000007c4e00000| Untracked |  0
|  79|0x00000007c4f00000, 0x00000007c4f00000, 0x00000007c5000000|  0%| F|  |TAMS 0x00000007c4f00000| PB 0x00000007c4f00000| Untracked |  0
|  80|0x00000007c5000000, 0x00000007c5000000, 0x00000007c5100000|  0%| F|  |TAMS 0x00000007c5000000| PB 0x00000007c5000000| Untracked |  0
|  81|0x00000007c5100000, 0x00000007c5100000, 0x00000007c5200000|  0%| F|  |TAMS 0x00000007c5100000| PB 0x00000007c5100000| Untracked |  0
|  82|0x00000007c5200000, 0x00000007c5200000, 0x00000007c5300000|  0%| F|  |TAMS 0x00000007c5200000| PB 0x00000007c5200000| Untracked |  0
|  83|0x00000007c5300000, 0x00000007c5300000, 0x00000007c5400000|  0%| F|  |TAMS 0x00000007c5300000| PB 0x00000007c5300000| Untracked |  0
|  84|0x00000007c5400000, 0x00000007c5400000, 0x00000007c5500000|  0%| F|  |TAMS 0x00000007c5400000| PB 0x00000007c5400000| Untracked |  0
|  85|0x00000007c5500000, 0x00000007c5500000, 0x00000007c5600000|  0%| F|  |TAMS 0x00000007c5500000| PB 0x00000007c5500000| Untracked |  0
|  86|0x00000007c5600000, 0x00000007c5600000, 0x00000007c5700000|  0%| F|  |TAMS 0x00000007c5600000| PB 0x00000007c5600000| Untracked |  0
|  87|0x00000007c5700000, 0x00000007c5700000, 0x00000007c5800000|  0%| F|  |TAMS 0x00000007c5700000| PB 0x00000007c5700000| Untracked |  0
|  88|0x00000007c5800000, 0x00000007c5800000, 0x00000007c5900000|  0%| F|  |TAMS 0x00000007c5800000| PB 0x00000007c5800000| Untracked |  0
|  89|0x00000007c5900000, 0x00000007c5900000, 0x00000007c5a00000|  0%| F|  |TAMS 0x00000007c5900000| PB 0x00000007c5900000| Untracked |  0
|  90|0x00000007c5a00000, 0x00000007c5a00000, 0x00000007c5b00000|  0%| F|  |TAMS 0x00000007c5a00000| PB 0x00000007c5a00000| Untracked |  0
|  91|0x00000007c5b00000, 0x00000007c5b00000, 0x00000007c5c00000|  0%| F|  |TAMS 0x00000007c5b00000| PB 0x00000007c5b00000| Untracked |  0
|  92|0x00000007c5c00000, 0x00000007c5c00000, 0x00000007c5d00000|  0%| F|  |TAMS 0x00000007c5c00000| PB 0x00000007c5c00000| Untracked |  0
|  93|0x00000007c5d00000, 0x00000007c5d00000, 0x00000007c5e00000|  0%| F|  |TAMS 0x00000007c5d00000| PB 0x00000007c5d00000| Untracked |  0
|  94|0x00000007c5e00000, 0x00000007c5e00000, 0x00000007c5f00000|  0%| F|  |TAMS 0x00000007c5e00000| PB 0x00000007c5e00000| Untracked |  0
|  95|0x00000007c5f00000, 0x00000007c5f00000, 0x00000007c6000000|  0%| F|  |TAMS 0x00000007c5f00000| PB 0x00000007c5f00000| Untracked |  0
|  96|0x00000007c6000000, 0x00000007c6000000, 0x00000007c6100000|  0%| F|  |TAMS 0x00000007c6000000| PB 0x00000007c6000000| Untracked |  0
|  97|0x00000007c6100000, 0x00000007c6100000, 0x00000007c6200000|  0%| F|  |TAMS 0x00000007c6100000| PB 0x00000007c6100000| Untracked |  0
|  98|0x00000007c6200000, 0x00000007c6200000, 0x00000007c6300000|  0%| F|  |TAMS 0x00000007c6200000| PB 0x00000007c6200000| Untracked |  0
|  99|0x00000007c6300000, 0x00000007c6300000, 0x00000007c6400000|  0%| F|  |TAMS 0x00000007c6300000| PB 0x00000007c6300000| Untracked |  0
| 100|0x00000007c6400000, 0x00000007c6400000, 0x00000007c6500000|  0%| F|  |TAMS 0x00000007c6400000| PB 0x00000007c6400000| Untracked |  0
| 101|0x00000007c6500000, 0x00000007c6500000, 0x00000007c6600000|  0%| F|  |TAMS 0x00000007c6500000| PB 0x00000007c6500000| Untracked |  0
| 102|0x00000007c6600000, 0x00000007c6600000, 0x00000007c6700000|  0%| F|  |TAMS 0x00000007c6600000| PB 0x00000007c6600000| Untracked |  0
| 103|0x00000007c6700000, 0x00000007c6700000, 0x00000007c6800000|  0%| F|  |TAMS 0x00000007c6700000| PB 0x00000007c6700000| Untracked |  0
| 104|0x00000007c6800000, 0x00000007c6800000, 0x00000007c6900000|  0%| F|  |TAMS 0x00000007c6800000| PB 0x00000007c6800000| Untracked |  0
| 105|0x00000007c6900000, 0x00000007c6900000, 0x00000007c6a00000|  0%| F|  |TAMS 0x00000007c6900000| PB 0x00000007c6900000| Untracked |  0
| 106|0x00000007c6a00000, 0x00000007c6a09930, 0x00000007c6b00000|  3%| S|CS|TAMS 0x00000007c6a00000| PB 0x00000007c6a00000| Complete |  0
| 107|0x00000007c6b00000, 0x00000007c6b00000, 0x00000007c6c00000|  0%| F|  |TAMS 0x00000007c6b00000| PB 0x00000007c6b00000| Untracked |  0
| 108|0x00000007c6c00000, 0x00000007c6c00000, 0x00000007c6d00000|  0%| F|  |TAMS 0x00000007c6c00000| PB 0x00000007c6c00000| Untracked |  0
| 109|0x00000007c6d00000, 0x00000007c6d00000, 0x00000007c6e00000|  0%| F|  |TAMS 0x00000007c6d00000| PB 0x00000007c6d00000| Untracked |  0
| 110|0x00000007c6e00000, 0x00000007c6e00000, 0x00000007c6f00000|  0%| F|  |TAMS 0x00000007c6e00000| PB 0x00000007c6e00000| Untracked |  0
| 111|0x00000007c6f00000, 0x00000007c6f00000, 0x00000007c7000000|  0%| F|  |TAMS 0x00000007c6f00000| PB 0x00000007c6f00000| Untracked |  0
| 112|0x00000007c7000000, 0x00000007c7000000, 0x00000007c7100000|  0%| F|  |TAMS 0x00000007c7000000| PB 0x00000007c7000000| Untracked |  0
| 113|0x00000007c7100000, 0x00000007c7100000, 0x00000007c7200000|  0%| F|  |TAMS 0x00000007c7100000| PB 0x00000007c7100000| Untracked |  0
| 114|0x00000007c7200000, 0x00000007c7200000, 0x00000007c7300000|  0%| F|  |TAMS 0x00000007c7200000| PB 0x00000007c7200000| Untracked |  0
| 115|0x00000007c7300000, 0x00000007c7300000, 0x00000007c7400000|  0%| F|  |TAMS 0x00000007c7300000| PB 0x00000007c7300000| Untracked |  0
| 116|0x00000007c7400000, 0x00000007c7400000, 0x00000007c7500000|  0%| F|  |TAMS 0x00000007c7400000| PB 0x00000007c7400000| Untracked |  0
| 117|0x00000007c7500000, 0x00000007c7500000, 0x00000007c7600000|  0%| F|  |TAMS 0x00000007c7500000| PB 0x00000007c7500000| Untracked |  0
| 118|0x00000007c7600000, 0x00000007c7600000, 0x00000007c7700000|  0%| F|  |TAMS 0x00000007c7600000| PB 0x00000007c7600000| Untracked |  0
| 119|0x00000007c7700000, 0x00000007c7700000, 0x00000007c7800000|  0%| F|  |TAMS 0x00000007c7700000| PB 0x00000007c7700000| Untracked |  0
| 120|0x00000007c7800000, 0x00000007c7800000, 0x00000007c7900000|  0%| F|  |TAMS 0x00000007c7800000| PB 0x00000007c7800000| Untracked |  0
| 121|0x00000007c7900000, 0x00000007c7900000, 0x00000007c7a00000|  0%| F|  |TAMS 0x00000007c7900000| PB 0x00000007c7900000| Untracked |  0
| 122|0x00000007c7a00000, 0x00000007c7a00000, 0x00000007c7b00000|  0%| F|  |TAMS 0x00000007c7a00000| PB 0x00000007c7a00000| Untracked |  0
| 123|0x00000007c7b00000, 0x00000007c7b00000, 0x00000007c7c00000|  0%| F|  |TAMS 0x00000007c7b00000| PB 0x00000007c7b00000| Untracked |  0
| 124|0x00000007c7c00000, 0x00000007c7c00000, 0x00000007c7d00000|  0%| F|  |TAMS 0x00000007c7c00000| PB 0x00000007c7c00000| Untracked |  0
| 125|0x00000007c7d00000, 0x00000007c7d00000, 0x00000007c7e00000|  0%| F|  |TAMS 0x00000007c7d00000| PB 0x00000007c7d00000| Untracked |  0
| 126|0x00000007c7e00000, 0x00000007c7e00000, 0x00000007c7f00000|  0%| F|  |TAMS 0x00000007c7e00000| PB 0x00000007c7e00000| Untracked |  0
| 127|0x00000007c7f00000, 0x00000007c7f00000, 0x00000007c8000000|  0%| F|  |TAMS 0x00000007c7f00000| PB 0x00000007c7f00000| Untracked |  0
| 128|0x00000007c8000000, 0x00000007c8000000, 0x00000007c8100000|  0%| F|  |TAMS 0x00000007c8000000| PB 0x00000007c8000000| Untracked |  0
| 129|0x00000007c8100000, 0x00000007c8100000, 0x00000007c8200000|  0%| F|  |TAMS 0x00000007c8100000| PB 0x00000007c8100000| Untracked |  0
| 130|0x00000007c8200000, 0x00000007c8200000, 0x00000007c8300000|  0%| F|  |TAMS 0x00000007c8200000| PB 0x00000007c8200000| Untracked |  0
| 131|0x00000007c8300000, 0x00000007c8300000, 0x00000007c8400000|  0%| F|  |TAMS 0x00000007c8300000| PB 0x00000007c8300000| Untracked |  0
| 132|0x00000007c8400000, 0x00000007c8400000, 0x00000007c8500000|  0%| F|  |TAMS 0x00000007c8400000| PB 0x00000007c8400000| Untracked |  0
| 133|0x00000007c8500000, 0x00000007c8500000, 0x00000007c8600000|  0%| F|  |TAMS 0x00000007c8500000| PB 0x00000007c8500000| Untracked |  0
| 134|0x00000007c8600000, 0x00000007c8600000, 0x00000007c8700000|  0%| F|  |TAMS 0x00000007c8600000| PB 0x00000007c8600000| Untracked |  0
| 135|0x00000007c8700000, 0x00000007c8700000, 0x00000007c8800000|  0%| F|  |TAMS 0x00000007c8700000| PB 0x00000007c8700000| Untracked |  0
| 136|0x00000007c8800000, 0x00000007c8800000, 0x00000007c8900000|  0%| F|  |TAMS 0x00000007c8800000| PB 0x00000007c8800000| Untracked |  0
| 137|0x00000007c8900000, 0x00000007c8900000, 0x00000007c8a00000|  0%| F|  |TAMS 0x00000007c8900000| PB 0x00000007c8900000| Untracked |  0
| 138|0x00000007c8a00000, 0x00000007c8a00000, 0x00000007c8b00000|  0%| F|  |TAMS 0x00000007c8a00000| PB 0x00000007c8a00000| Untracked |  0
| 139|0x00000007c8b00000, 0x00000007c8b00000, 0x00000007c8c00000|  0%| F|  |TAMS 0x00000007c8b00000| PB 0x00000007c8b00000| Untracked |  0
| 140|0x00000007c8c00000, 0x00000007c8c00000, 0x00000007c8d00000|  0%| F|  |TAMS 0x00000007c8c00000| PB 0x00000007c8c00000| Untracked |  0
| 141|0x00000007c8d00000, 0x00000007c8d00000, 0x00000007c8e00000|  0%| F|  |TAMS 0x00000007c8d00000| PB 0x00000007c8d00000| Untracked |  0
| 142|0x00000007c8e00000, 0x00000007c8e00000, 0x00000007c8f00000|  0%| F|  |TAMS 0x00000007c8e00000| PB 0x00000007c8e00000| Untracked |  0
| 143|0x00000007c8f00000, 0x00000007c8f00000, 0x00000007c9000000|  0%| F|  |TAMS 0x00000007c8f00000| PB 0x00000007c8f00000| Untracked |  0
| 144|0x00000007c9000000, 0x00000007c9000000, 0x00000007c9100000|  0%| F|  |TAMS 0x00000007c9000000| PB 0x00000007c9000000| Untracked |  0
| 145|0x00000007c9100000, 0x00000007c9100000, 0x00000007c9200000|  0%| F|  |TAMS 0x00000007c9100000| PB 0x00000007c9100000| Untracked |  0
| 146|0x00000007c9200000, 0x00000007c9200000, 0x00000007c9300000|  0%| F|  |TAMS 0x00000007c9200000| PB 0x00000007c9200000| Untracked |  0
| 147|0x00000007c9300000, 0x00000007c9300000, 0x00000007c9400000|  0%| F|  |TAMS 0x00000007c9300000| PB 0x00000007c9300000| Untracked |  0
| 148|0x00000007c9400000, 0x00000007c9400000, 0x00000007c9500000|  0%| F|  |TAMS 0x00000007c9400000| PB 0x00000007c9400000| Untracked |  0
| 149|0x00000007c9500000, 0x00000007c9500000, 0x00000007c9600000|  0%| F|  |TAMS 0x00000007c9500000| PB 0x00000007c9500000| Untracked |  0
| 150|0x00000007c9600000, 0x00000007c9600000, 0x00000007c9700000|  0%| F|  |TAMS 0x00000007c9600000| PB 0x00000007c9600000| Untracked |  0
| 151|0x00000007c9700000, 0x00000007c9700000, 0x00000007c9800000|  0%| F|  |TAMS 0x00000007c9700000| PB 0x00000007c9700000| Untracked |  0
| 152|0x00000007c9800000, 0x00000007c9800000, 0x00000007c9900000|  0%| F|  |TAMS 0x00000007c9800000| PB 0x00000007c9800000| Untracked |  0
| 153|0x00000007c9900000, 0x00000007c9900000, 0x00000007c9a00000|  0%| F|  |TAMS 0x00000007c9900000| PB 0x00000007c9900000| Untracked |  0
| 154|0x00000007c9a00000, 0x00000007c9a00000, 0x00000007c9b00000|  0%| F|  |TAMS 0x00000007c9a00000| PB 0x00000007c9a00000| Untracked |  0
| 155|0x00000007c9b00000, 0x00000007c9b00000, 0x00000007c9c00000|  0%| F|  |TAMS 0x00000007c9b00000| PB 0x00000007c9b00000| Untracked |  0
| 156|0x00000007c9c00000, 0x00000007c9c00000, 0x00000007c9d00000|  0%| F|  |TAMS 0x00000007c9c00000| PB 0x00000007c9c00000| Untracked |  0
| 157|0x00000007c9d00000, 0x00000007c9d00000, 0x00000007c9e00000|  0%| F|  |TAMS 0x00000007c9d00000| PB 0x00000007c9d00000| Untracked |  0
| 158|0x00000007c9e00000, 0x00000007c9e00000, 0x00000007c9f00000|  0%| F|  |TAMS 0x00000007c9e00000| PB 0x00000007c9e00000| Untracked |  0
| 159|0x00000007c9f00000, 0x00000007c9f00000, 0x00000007ca000000|  0%| F|  |TAMS 0x00000007c9f00000| PB 0x00000007c9f00000| Untracked |  0
| 160|0x00000007ca000000, 0x00000007ca000000, 0x00000007ca100000|  0%| F|  |TAMS 0x00000007ca000000| PB 0x00000007ca000000| Untracked |  0
| 161|0x00000007ca100000, 0x00000007ca100000, 0x00000007ca200000|  0%| F|  |TAMS 0x00000007ca100000| PB 0x00000007ca100000| Untracked |  0
| 162|0x00000007ca200000, 0x00000007ca200000, 0x00000007ca300000|  0%| F|  |TAMS 0x00000007ca200000| PB 0x00000007ca200000| Untracked |  0
| 163|0x00000007ca300000, 0x00000007ca300000, 0x00000007ca400000|  0%| F|  |TAMS 0x00000007ca300000| PB 0x00000007ca300000| Untracked |  0
| 164|0x00000007ca400000, 0x00000007ca400000, 0x00000007ca500000|  0%| F|  |TAMS 0x00000007ca400000| PB 0x00000007ca400000| Untracked |  0
| 165|0x00000007ca500000, 0x00000007ca500000, 0x00000007ca600000|  0%| F|  |TAMS 0x00000007ca500000| PB 0x00000007ca500000| Untracked |  0
| 166|0x00000007ca600000, 0x00000007ca600000, 0x00000007ca700000|  0%| F|  |TAMS 0x00000007ca600000| PB 0x00000007ca600000| Untracked |  0
| 167|0x00000007ca700000, 0x00000007ca700000, 0x00000007ca800000|  0%| F|  |TAMS 0x00000007ca700000| PB 0x00000007ca700000| Untracked |  0
| 168|0x00000007ca800000, 0x00000007ca800000, 0x00000007ca900000|  0%| F|  |TAMS 0x00000007ca800000| PB 0x00000007ca800000| Untracked |  0
| 169|0x00000007ca900000, 0x00000007ca900000, 0x00000007caa00000|  0%| F|  |TAMS 0x00000007ca900000| PB 0x00000007ca900000| Untracked |  0
| 170|0x00000007caa00000, 0x00000007caa00000, 0x00000007cab00000|  0%| F|  |TAMS 0x00000007caa00000| PB 0x00000007caa00000| Untracked |  0
| 171|0x00000007cab00000, 0x00000007cab00000, 0x00000007cac00000|  0%| F|  |TAMS 0x00000007cab00000| PB 0x00000007cab00000| Untracked |  0
| 172|0x00000007cac00000, 0x00000007cac00000, 0x00000007cad00000|  0%| F|  |TAMS 0x00000007cac00000| PB 0x00000007cac00000| Untracked |  0
| 173|0x00000007cad00000, 0x00000007cad00000, 0x00000007cae00000|  0%| F|  |TAMS 0x00000007cad00000| PB 0x00000007cad00000| Untracked |  0
| 174|0x00000007cae00000, 0x00000007cae00000, 0x00000007caf00000|  0%| F|  |TAMS 0x00000007cae00000| PB 0x00000007cae00000| Untracked |  0
| 175|0x00000007caf00000, 0x00000007caf00000, 0x00000007cb000000|  0%| F|  |TAMS 0x00000007caf00000| PB 0x00000007caf00000| Untracked |  0
| 176|0x00000007cb000000, 0x00000007cb000000, 0x00000007cb100000|  0%| F|  |TAMS 0x00000007cb000000| PB 0x00000007cb000000| Untracked |  0
| 177|0x00000007cb100000, 0x00000007cb100000, 0x00000007cb200000|  0%| F|  |TAMS 0x00000007cb100000| PB 0x00000007cb100000| Untracked |  0
| 178|0x00000007cb200000, 0x00000007cb200110, 0x00000007cb300000|  0%| E|  |TAMS 0x00000007cb200000| PB 0x00000007cb200000| Complete |  0
| 179|0x00000007cb300000, 0x00000007cb400000, 0x00000007cb400000|100%| E|CS|TAMS 0x00000007cb300000| PB 0x00000007cb300000| Complete |  0
| 180|0x00000007cb400000, 0x00000007cb500000, 0x00000007cb500000|100%| E|CS|TAMS 0x00000007cb400000| PB 0x00000007cb400000| Complete |  0
| 181|0x00000007cb500000, 0x00000007cb600000, 0x00000007cb600000|100%| E|CS|TAMS 0x00000007cb500000| PB 0x00000007cb500000| Complete |  0
| 182|0x00000007cb600000, 0x00000007cb700000, 0x00000007cb700000|100%| E|CS|TAMS 0x00000007cb600000| PB 0x00000007cb600000| Complete |  0
| 183|0x00000007cb700000, 0x00000007cb800000, 0x00000007cb800000|100%| E|CS|TAMS 0x00000007cb700000| PB 0x00000007cb700000| Complete |  0
| 184|0x00000007cb800000, 0x00000007cb900000, 0x00000007cb900000|100%| E|CS|TAMS 0x00000007cb800000| PB 0x00000007cb800000| Complete |  0
| 185|0x00000007cb900000, 0x00000007cba00000, 0x00000007cba00000|100%| E|CS|TAMS 0x00000007cb900000| PB 0x00000007cb900000| Complete |  0
| 186|0x00000007cba00000, 0x00000007cbb00000, 0x00000007cbb00000|100%| E|CS|TAMS 0x00000007cba00000| PB 0x00000007cba00000| Complete |  0
| 187|0x00000007cbb00000, 0x00000007cbc00000, 0x00000007cbc00000|100%| E|CS|TAMS 0x00000007cbb00000| PB 0x00000007cbb00000| Complete |  0
| 188|0x00000007cbc00000, 0x00000007cbd00000, 0x00000007cbd00000|100%| E|CS|TAMS 0x00000007cbc00000| PB 0x00000007cbc00000| Complete |  0
| 189|0x00000007cbd00000, 0x00000007cbe00000, 0x00000007cbe00000|100%| E|CS|TAMS 0x00000007cbd00000| PB 0x00000007cbd00000| Complete |  0
| 190|0x00000007cbe00000, 0x00000007cbf00000, 0x00000007cbf00000|100%| E|CS|TAMS 0x00000007cbe00000| PB 0x00000007cbe00000| Complete |  0
| 191|0x00000007cbf00000, 0x00000007cc000000, 0x00000007cc000000|100%| E|CS|TAMS 0x00000007cbf00000| PB 0x00000007cbf00000| Complete |  0
| 192|0x00000007cc000000, 0x00000007cc100000, 0x00000007cc100000|100%| E|CS|TAMS 0x00000007cc000000| PB 0x00000007cc000000| Complete |  0
| 193|0x00000007cc100000, 0x00000007cc200000, 0x00000007cc200000|100%| E|CS|TAMS 0x00000007cc100000| PB 0x00000007cc100000| Complete |  0
| 194|0x00000007cc200000, 0x00000007cc300000, 0x00000007cc300000|100%| E|CS|TAMS 0x00000007cc200000| PB 0x00000007cc200000| Complete |  0
| 195|0x00000007cc300000, 0x00000007cc400000, 0x00000007cc400000|100%| E|CS|TAMS 0x00000007cc300000| PB 0x00000007cc300000| Complete |  0
| 196|0x00000007cc400000, 0x00000007cc500000, 0x00000007cc500000|100%| E|CS|TAMS 0x00000007cc400000| PB 0x00000007cc400000| Complete |  0
| 197|0x00000007cc500000, 0x00000007cc600000, 0x00000007cc600000|100%| E|CS|TAMS 0x00000007cc500000| PB 0x00000007cc500000| Complete |  0
| 198|0x00000007cc600000, 0x00000007cc700000, 0x00000007cc700000|100%| E|CS|TAMS 0x00000007cc600000| PB 0x00000007cc600000| Complete |  0
| 199|0x00000007cc700000, 0x00000007cc800000, 0x00000007cc800000|100%| E|CS|TAMS 0x00000007cc700000| PB 0x00000007cc700000| Complete |  0
| 200|0x00000007cc800000, 0x00000007cc900000, 0x00000007cc900000|100%| E|CS|TAMS 0x00000007cc800000| PB 0x00000007cc800000| Complete |  0
| 201|0x00000007cc900000, 0x00000007cca00000, 0x00000007cca00000|100%| E|CS|TAMS 0x00000007cc900000| PB 0x00000007cc900000| Complete |  0
| 202|0x00000007cca00000, 0x00000007ccb00000, 0x00000007ccb00000|100%| E|CS|TAMS 0x00000007cca00000| PB 0x00000007cca00000| Complete |  0
| 203|0x00000007ccb00000, 0x00000007ccc00000, 0x00000007ccc00000|100%| E|CS|TAMS 0x00000007ccb00000| PB 0x00000007ccb00000| Complete |  0
| 204|0x00000007ccc00000, 0x00000007ccd00000, 0x00000007ccd00000|100%| E|CS|TAMS 0x00000007ccc00000| PB 0x00000007ccc00000| Complete |  0
| 205|0x00000007ccd00000, 0x00000007cce00000, 0x00000007cce00000|100%| E|CS|TAMS 0x00000007ccd00000| PB 0x00000007ccd00000| Complete |  0
| 206|0x00000007cce00000, 0x00000007ccf00000, 0x00000007ccf00000|100%| E|CS|TAMS 0x00000007cce00000| PB 0x00000007cce00000| Complete |  0
| 207|0x00000007ccf00000, 0x00000007cd000000, 0x00000007cd000000|100%| E|CS|TAMS 0x00000007ccf00000| PB 0x00000007ccf00000| Complete |  0
| 208|0x00000007cd000000, 0x00000007cd100000, 0x00000007cd100000|100%| E|CS|TAMS 0x00000007cd000000| PB 0x00000007cd000000| Complete |  0
| 209|0x00000007cd100000, 0x00000007cd200000, 0x00000007cd200000|100%| E|CS|TAMS 0x00000007cd100000| PB 0x00000007cd100000| Complete |  0
| 210|0x00000007cd200000, 0x00000007cd300000, 0x00000007cd300000|100%| E|CS|TAMS 0x00000007cd200000| PB 0x00000007cd200000| Complete |  0
| 211|0x00000007cd300000, 0x00000007cd400000, 0x00000007cd400000|100%| E|CS|TAMS 0x00000007cd300000| PB 0x00000007cd300000| Complete |  0
| 212|0x00000007cd400000, 0x00000007cd500000, 0x00000007cd500000|100%| E|CS|TAMS 0x00000007cd400000| PB 0x00000007cd400000| Complete |  0
| 213|0x00000007cd500000, 0x00000007cd600000, 0x00000007cd600000|100%| E|CS|TAMS 0x00000007cd500000| PB 0x00000007cd500000| Complete |  0
| 214|0x00000007cd600000, 0x00000007cd700000, 0x00000007cd700000|100%| E|CS|TAMS 0x00000007cd600000| PB 0x00000007cd600000| Complete |  0
| 215|0x00000007cd700000, 0x00000007cd800000, 0x00000007cd800000|100%| E|CS|TAMS 0x00000007cd700000| PB 0x00000007cd700000| Complete |  0
| 216|0x00000007cd800000, 0x00000007cd900000, 0x00000007cd900000|100%| E|CS|TAMS 0x00000007cd800000| PB 0x00000007cd800000| Complete |  0
| 217|0x00000007cd900000, 0x00000007cda00000, 0x00000007cda00000|100%| E|CS|TAMS 0x00000007cd900000| PB 0x00000007cd900000| Complete |  0
| 218|0x00000007cda00000, 0x00000007cdb00000, 0x00000007cdb00000|100%| E|CS|TAMS 0x00000007cda00000| PB 0x00000007cda00000| Complete |  0
| 219|0x00000007cdb00000, 0x00000007cdc00000, 0x00000007cdc00000|100%| E|CS|TAMS 0x00000007cdb00000| PB 0x00000007cdb00000| Complete |  0
| 220|0x00000007cdc00000, 0x00000007cdd00000, 0x00000007cdd00000|100%| E|CS|TAMS 0x00000007cdc00000| PB 0x00000007cdc00000| Complete |  0
| 221|0x00000007cdd00000, 0x00000007cde00000, 0x00000007cde00000|100%| E|CS|TAMS 0x00000007cdd00000| PB 0x00000007cdd00000| Complete |  0
| 222|0x00000007cde00000, 0x00000007cdf00000, 0x00000007cdf00000|100%| E|CS|TAMS 0x00000007cde00000| PB 0x00000007cde00000| Complete |  0
| 223|0x00000007cdf00000, 0x00000007ce000000, 0x00000007ce000000|100%| E|CS|TAMS 0x00000007cdf00000| PB 0x00000007cdf00000| Complete |  0
| 224|0x00000007ce000000, 0x00000007ce100000, 0x00000007ce100000|100%| E|CS|TAMS 0x00000007ce000000| PB 0x00000007ce000000| Complete |  0
| 225|0x00000007ce100000, 0x00000007ce200000, 0x00000007ce200000|100%| E|CS|TAMS 0x00000007ce100000| PB 0x00000007ce100000| Complete |  0
| 226|0x00000007ce200000, 0x00000007ce300000, 0x00000007ce300000|100%| E|CS|TAMS 0x00000007ce200000| PB 0x00000007ce200000| Complete |  0
| 227|0x00000007ce300000, 0x00000007ce400000, 0x00000007ce400000|100%| E|CS|TAMS 0x00000007ce300000| PB 0x00000007ce300000| Complete |  0
| 228|0x00000007ce400000, 0x00000007ce500000, 0x00000007ce500000|100%| E|CS|TAMS 0x00000007ce400000| PB 0x00000007ce400000| Complete |  0
| 229|0x00000007ce500000, 0x00000007ce600000, 0x00000007ce600000|100%| E|CS|TAMS 0x00000007ce500000| PB 0x00000007ce500000| Complete |  0
| 230|0x00000007ce600000, 0x00000007ce700000, 0x00000007ce700000|100%| E|CS|TAMS 0x00000007ce600000| PB 0x00000007ce600000| Complete |  0
| 231|0x00000007ce700000, 0x00000007ce800000, 0x00000007ce800000|100%| E|CS|TAMS 0x00000007ce700000| PB 0x00000007ce700000| Complete |  0
| 232|0x00000007ce800000, 0x00000007ce900000, 0x00000007ce900000|100%| E|CS|TAMS 0x00000007ce800000| PB 0x00000007ce800000| Complete |  0
| 233|0x00000007ce900000, 0x00000007cea00000, 0x00000007cea00000|100%| E|CS|TAMS 0x00000007ce900000| PB 0x00000007ce900000| Complete |  0
| 234|0x00000007cea00000, 0x00000007ceb00000, 0x00000007ceb00000|100%| E|CS|TAMS 0x00000007cea00000| PB 0x00000007cea00000| Complete |  0
| 235|0x00000007ceb00000, 0x00000007cec00000, 0x00000007cec00000|100%| E|CS|TAMS 0x00000007ceb00000| PB 0x00000007ceb00000| Complete |  0
| 236|0x00000007cec00000, 0x00000007ced00000, 0x00000007ced00000|100%| E|CS|TAMS 0x00000007cec00000| PB 0x00000007cec00000| Complete |  0
| 237|0x00000007ced00000, 0x00000007cee00000, 0x00000007cee00000|100%| E|CS|TAMS 0x00000007ced00000| PB 0x00000007ced00000| Complete |  0
| 238|0x00000007cee00000, 0x00000007cef00000, 0x00000007cef00000|100%| E|CS|TAMS 0x00000007cee00000| PB 0x00000007cee00000| Complete |  0
| 239|0x00000007cef00000, 0x00000007cf000000, 0x00000007cf000000|100%| E|CS|TAMS 0x00000007cef00000| PB 0x00000007cef00000| Complete |  0
| 240|0x00000007cf000000, 0x00000007cf100000, 0x00000007cf100000|100%| E|CS|TAMS 0x00000007cf000000| PB 0x00000007cf000000| Complete |  0
| 241|0x00000007cf100000, 0x00000007cf200000, 0x00000007cf200000|100%| E|CS|TAMS 0x00000007cf100000| PB 0x00000007cf100000| Complete |  0
| 242|0x00000007cf200000, 0x00000007cf300000, 0x00000007cf300000|100%| E|CS|TAMS 0x00000007cf200000| PB 0x00000007cf200000| Complete |  0
| 243|0x00000007cf300000, 0x00000007cf400000, 0x00000007cf400000|100%| E|CS|TAMS 0x00000007cf300000| PB 0x00000007cf300000| Complete |  0
| 244|0x00000007cf400000, 0x00000007cf500000, 0x00000007cf500000|100%| E|CS|TAMS 0x00000007cf400000| PB 0x00000007cf400000| Complete |  0
| 245|0x00000007cf500000, 0x00000007cf600000, 0x00000007cf600000|100%| E|CS|TAMS 0x00000007cf500000| PB 0x00000007cf500000| Complete |  0
| 246|0x00000007cf600000, 0x00000007cf700000, 0x00000007cf700000|100%| E|CS|TAMS 0x00000007cf600000| PB 0x00000007cf600000| Complete |  0
| 247|0x00000007cf700000, 0x00000007cf800000, 0x00000007cf800000|100%| E|CS|TAMS 0x00000007cf700000| PB 0x00000007cf700000| Complete |  0
| 248|0x00000007cf800000, 0x00000007cf900000, 0x00000007cf900000|100%| E|CS|TAMS 0x00000007cf800000| PB 0x00000007cf800000| Complete |  0
| 249|0x00000007cf900000, 0x00000007cfa00000, 0x00000007cfa00000|100%| E|CS|TAMS 0x00000007cf900000| PB 0x00000007cf900000| Complete |  0
| 250|0x00000007cfa00000, 0x00000007cfb00000, 0x00000007cfb00000|100%| E|CS|TAMS 0x00000007cfa00000| PB 0x00000007cfa00000| Complete |  0
| 251|0x00000007cfb00000, 0x00000007cfc00000, 0x00000007cfc00000|100%| E|CS|TAMS 0x00000007cfb00000| PB 0x00000007cfb00000| Complete |  0
| 252|0x00000007cfc00000, 0x00000007cfd00000, 0x00000007cfd00000|100%| E|CS|TAMS 0x00000007cfc00000| PB 0x00000007cfc00000| Complete |  0
| 253|0x00000007cfd00000, 0x00000007cfe00000, 0x00000007cfe00000|100%| E|CS|TAMS 0x00000007cfd00000| PB 0x00000007cfd00000| Complete |  0
| 254|0x00000007cfe00000, 0x00000007cff00000, 0x00000007cff00000|100%| E|CS|TAMS 0x00000007cfe00000| PB 0x00000007cfe00000| Complete |  0
| 255|0x00000007cff00000, 0x00000007d0000000, 0x00000007d0000000|100%| E|CS|TAMS 0x00000007cff00000| PB 0x00000007cff00000| Complete |  0
| 256|0x00000007d0000000, 0x00000007d0100000, 0x00000007d0100000|100%| E|CS|TAMS 0x00000007d0000000| PB 0x00000007d0000000| Complete |  0
| 257|0x00000007d0100000, 0x00000007d0200000, 0x00000007d0200000|100%| E|CS|TAMS 0x00000007d0100000| PB 0x00000007d0100000| Complete |  0
| 258|0x00000007d0200000, 0x00000007d0300000, 0x00000007d0300000|100%| E|CS|TAMS 0x00000007d0200000| PB 0x00000007d0200000| Complete |  0
| 259|0x00000007d0300000, 0x00000007d0400000, 0x00000007d0400000|100%| E|CS|TAMS 0x00000007d0300000| PB 0x00000007d0300000| Complete |  0
| 260|0x00000007d0400000, 0x00000007d0500000, 0x00000007d0500000|100%| E|CS|TAMS 0x00000007d0400000| PB 0x00000007d0400000| Complete |  0
| 261|0x00000007d0500000, 0x00000007d0600000, 0x00000007d0600000|100%| E|CS|TAMS 0x00000007d0500000| PB 0x00000007d0500000| Complete |  0
| 262|0x00000007d0600000, 0x00000007d0700000, 0x00000007d0700000|100%| E|CS|TAMS 0x00000007d0600000| PB 0x00000007d0600000| Complete |  0
| 263|0x00000007d0700000, 0x00000007d0800000, 0x00000007d0800000|100%| E|CS|TAMS 0x00000007d0700000| PB 0x00000007d0700000| Complete |  0
| 264|0x00000007d0800000, 0x00000007d0900000, 0x00000007d0900000|100%| E|CS|TAMS 0x00000007d0800000| PB 0x00000007d0800000| Complete |  0
| 265|0x00000007d0900000, 0x00000007d0a00000, 0x00000007d0a00000|100%| E|CS|TAMS 0x00000007d0900000| PB 0x00000007d0900000| Complete |  0
|1022|0x00000007ffe00000, 0x00000007fff00000, 0x00000007fff00000|100%| O|  |TAMS 0x00000007ffe00000| PB 0x00000007ffe00000| Untracked |  0

Card table byte_map: [0x000000031edd8000,0x000000031efd8000] _byte_map_base: 0x000000031afd8000

Marking Bits: (CMBitMap*) 0x00000001683c9810
 Bits: [0x000000031efd8000, 0x000000031ffd8000)

Polling page: 0x0000000100ebc000

Metaspace:

Usage:
  Non-class:      9.33 MB used.
      Class:      1.65 MB used.
       Both:     10.99 MB used.

Virtual space:
  Non-class space:       64.00 MB reserved,       9.44 MB ( 15%) committed,  1 nodes.
      Class space:        1.00 GB reserved,       1.81 MB ( <1%) committed,  1 nodes.
             Both:        1.06 GB reserved,      11.25 MB (  1%) committed. 

Chunk freelists:
   Non-Class:  6.19 MB
       Class:  14.06 MB
        Both:  20.25 MB

MaxMetaspaceSize: unlimited
CompressedClassSpaceSize: 1.00 GB
Initial GC threshold: 21.00 MB
Current GC threshold: 21.00 MB
CDS: on
 - commit_granule_bytes: 65536.
 - commit_granule_words: 8192.
 - virtual_space_node_default_size: 8388608.
 - enlarge_chunks_in_place: 1.
 - use_allocation_guard: 0.


Internal statistics:

num_allocs_failed_limit: 0.
num_arena_births: 170.
num_arena_deaths: 0.
num_vsnodes_births: 2.
num_vsnodes_deaths: 0.
num_space_committed: 180.
num_space_uncommitted: 0.
num_chunks_returned_to_freelist: 0.
num_chunks_taken_from_freelist: 452.
num_chunk_merges: 0.
num_chunk_splits: 339.
num_chunks_enlarged: 262.
num_inconsistent_stats: 0.

CodeHeap 'non-profiled nmethods': size=120032Kb used=2596Kb max_used=2596Kb free=117435Kb
 bounds [0x0000000338dec000, 0x000000033907c000, 0x0000000340324000]
CodeHeap 'profiled nmethods': size=120016Kb used=5363Kb max_used=5418Kb free=114652Kb
 bounds [0x0000000331324000, 0x0000000331874000, 0x0000000338858000]
CodeHeap 'non-nmethods': size=5712Kb used=1303Kb max_used=1402Kb free=4408Kb
 bounds [0x0000000338858000, 0x0000000338ac8000, 0x0000000338dec000]
 total_blobs=3911 nmethods=3459 adapters=360
 compilation: enabled
              stopped_count=0, restarted_count=0
 full_count=0

Compilation events (20 events):
Event: 6.882 Thread 0x000000016e64f800 4257       3       org.openkoreantext.processor.tokenizer.KoreanTokenizer$::tokenize$default$2 (7 bytes)
Event: 6.882 Thread 0x000000016e64f800 nmethod 4257 0x0000000331669d10 code [0x0000000331669ec0, 0x000000033166a018]
Event: 7.341 Thread 0x000000016e64f800 4258       3       java.lang.Thread::interrupted (7 bytes)
Event: 7.341 Thread 0x000000016e64f800 nmethod 4258 0x0000000331743310 code [0x00000003317434c0, 0x0000000331743758]
Event: 7.341 Thread 0x000000016e64f800 4259       3       java.lang.Thread::getAndClearInterrupt (19 bytes)
Event: 7.341 Thread 0x000000016e64f800 nmethod 4259 0x000000033162b010 code [0x000000033162b1c0, 0x000000033162b380]
Event: 9.425 Thread 0x000000016e64f800 4261       3       java.util.ArrayList$Itr::next (66 bytes)
Event: 9.425 Thread 0x000000016e647000 4263       4       java.util.ArrayList$Itr::hasNext (20 bytes)
Event: 9.425 Thread 0x000000016e64f800 nmethod 4261 0x000000033162a790 code [0x000000033162a980, 0x000000033162ada0]
Event: 9.425 Thread 0x000000016e64f800 4262       3       java.util.ArrayList$Itr::checkForComodification (23 bytes)
Event: 9.425 Thread 0x000000016e64f800 nmethod 4262 0x0000000331771290 code [0x0000000331771440, 0x0000000331771610]
Event: 9.425 Thread 0x000000016e647000 nmethod 4263 0x0000000339074610 code [0x0000000339074780, 0x0000000339074830]
Event: 9.428 Thread 0x000000016e647000 4264       4       java.util.ArrayList$Itr::next (66 bytes)
Event: 9.428 Thread 0x000000016e647000 nmethod 4264 0x0000000339074910 code [0x0000000339074ac0, 0x0000000339074c30]
Event: 9.429 Thread 0x000000016e647000 4265   !   4       java.nio.DirectIntBufferU::get (34 bytes)
Event: 9.430 Thread 0x000000016e647000 nmethod 4265 0x0000000339074d90 code [0x0000000339074f00, 0x0000000339075000]
Event: 18.206 Thread 0x000000016e64f800 4266       3       java.lang.String::hashCode (60 bytes)
Event: 18.216 Thread 0x000000016e64f800 nmethod 4266 0x0000000331770b90 code [0x0000000331770d80, 0x0000000331771150]
Event: 18.240 Thread 0x000000016e64f800 4267       3       org.jpype.manager.TypeManager$Destroyer::add (101 bytes)
Event: 18.240 Thread 0x000000016e64f800 nmethod 4267 0x00000003316bfb90 code [0x00000003316bfdc0, 0x00000003316c02b8]

GC Heap History (20 events):
Event: 4.604 GC heap before
{Heap before GC invocations=35 (full 8):
 garbage-first heap   total reserved 1048576K, committed 273408K, used 242688K [0x00000007c0000000, 0x0000000800000000)
  region size 1024K, 160 young (163840K), 1 survivors (1024K)
 Metaspace       used 11126K, committed 11328K, reserved 1114112K
  class space    used 1677K, committed 1792K, reserved 1048576K
}
Event: 4.605 GC heap after
{Heap after GC invocations=36 (full 8):
 garbage-first heap   total reserved 1048576K, committed 273408K, used 79914K [0x00000007c0000000, 0x0000000800000000)
  region size 1024K, 1 young (1024K), 1 survivors (1024K)
 Metaspace       used 11126K, committed 11328K, reserved 1114112K
  class space    used 1677K, committed 1792K, reserved 1048576K
}
Event: 4.905 GC heap before
{Heap before GC invocations=36 (full 8):
 garbage-first heap   total reserved 1048576K, committed 273408K, used 242730K [0x00000007c0000000, 0x0000000800000000)
  region size 1024K, 160 young (163840K), 1 survivors (1024K)
 Metaspace       used 11131K, committed 11328K, reserved 1114112K
  class space    used 1677K, committed 1792K, reserved 1048576K
}
Event: 4.906 GC heap after
{Heap after GC invocations=37 (full 8):
 garbage-first heap   total reserved 1048576K, committed 273408K, used 79882K [0x00000007c0000000, 0x0000000800000000)
  region size 1024K, 1 young (1024K), 1 survivors (1024K)
 Metaspace       used 11131K, committed 11328K, reserved 1114112K
  class space    used 1677K, committed 1792K, reserved 1048576K
}
Event: 5.141 GC heap before
{Heap before GC invocations=37 (full 8):
 garbage-first heap   total reserved 1048576K, committed 273408K, used 242698K [0x00000007c0000000, 0x0000000800000000)
  region size 1024K, 160 young (163840K), 1 survivors (1024K)
 Metaspace       used 11135K, committed 11392K, reserved 1114112K
  class space    used 1677K, committed 1792K, reserved 1048576K
}
Event: 5.142 GC heap after
{Heap after GC invocations=38 (full 8):
 garbage-first heap   total reserved 1048576K, committed 273408K, used 79898K [0x00000007c0000000, 0x0000000800000000)
  region size 1024K, 1 young (1024K), 1 survivors (1024K)
 Metaspace       used 11135K, committed 11392K, reserved 1114112K
  class space    used 1677K, committed 1792K, reserved 1048576K
}
Event: 5.347 GC heap before
{Heap before GC invocations=38 (full 8):
 garbage-first heap   total reserved 1048576K, committed 273408K, used 242714K [0x00000007c0000000, 0x0000000800000000)
  region size 1024K, 160 young (163840K), 1 survivors (1024K)
 Metaspace       used 11136K, committed 11392K, reserved 1114112K
  class space    used 1677K, committed 1792K, reserved 1048576K
}
Event: 5.348 GC heap after
{Heap after GC invocations=39 (full 8):
 garbage-first heap   total reserved 1048576K, committed 273408K, used 79888K [0x00000007c0000000, 0x0000000800000000)
  region size 1024K, 1 young (1024K), 1 survivors (1024K)
 Metaspace       used 11136K, committed 11392K, reserved 1114112K
  class space    used 1677K, committed 1792K, reserved 1048576K
}
Event: 5.551 GC heap before
{Heap before GC invocations=39 (full 8):
 garbage-first heap   total reserved 1048576K, committed 273408K, used 242704K [0x00000007c0000000, 0x0000000800000000)
  region size 1024K, 160 young (163840K), 1 survivors (1024K)
 Metaspace       used 11139K, committed 11392K, reserved 1114112K
  class space    used 1677K, committed 1792K, reserved 1048576K
}
Event: 5.552 GC heap after
{Heap after GC invocations=40 (full 8):
 garbage-first heap   total reserved 1048576K, committed 273408K, used 79884K [0x00000007c0000000, 0x0000000800000000)
  region size 1024K, 1 young (1024K), 1 survivors (1024K)
 Metaspace       used 11139K, committed 11392K, reserved 1114112K
  class space    used 1677K, committed 1792K, reserved 1048576K
}
Event: 5.768 GC heap before
{Heap before GC invocations=40 (full 8):
 garbage-first heap   total reserved 1048576K, committed 273408K, used 242700K [0x00000007c0000000, 0x0000000800000000)
  region size 1024K, 160 young (163840K), 1 survivors (1024K)
 Metaspace       used 11139K, committed 11392K, reserved 1114112K
  class space    used 1677K, committed 1792K, reserved 1048576K
}
Event: 5.769 GC heap after
{Heap after GC invocations=41 (full 8):
 garbage-first heap   total reserved 1048576K, committed 273408K, used 79886K [0x00000007c0000000, 0x0000000800000000)
  region size 1024K, 1 young (1024K), 1 survivors (1024K)
 Metaspace       used 11139K, committed 11392K, reserved 1114112K
  class space    used 1677K, committed 1792K, reserved 1048576K
}
Event: 5.976 GC heap before
{Heap before GC invocations=41 (full 8):
 garbage-first heap   total reserved 1048576K, committed 273408K, used 242702K [0x00000007c0000000, 0x0000000800000000)
  region size 1024K, 160 young (163840K), 1 survivors (1024K)
 Metaspace       used 11140K, committed 11392K, reserved 1114112K
  class space    used 1677K, committed 1792K, reserved 1048576K
}
Event: 5.977 GC heap after
{Heap after GC invocations=42 (full 8):
 garbage-first heap   total reserved 1048576K, committed 273408K, used 79898K [0x00000007c0000000, 0x0000000800000000)
  region size 1024K, 1 young (1024K), 1 survivors (1024K)
 Metaspace       used 11140K, committed 11392K, reserved 1114112K
  class space    used 1677K, committed 1792K, reserved 1048576K
}
Event: 6.236 GC heap before
{Heap before GC invocations=42 (full 8):
 garbage-first heap   total reserved 1048576K, committed 273408K, used 242714K [0x00000007c0000000, 0x0000000800000000)
  region size 1024K, 160 young (163840K), 1 survivors (1024K)
 Metaspace       used 11142K, committed 11392K, reserved 1114112K
  class space    used 1677K, committed 1792K, reserved 1048576K
}
Event: 6.238 GC heap after
{Heap after GC invocations=43 (full 8):
 garbage-first heap   total reserved 1048576K, committed 273408K, used 79923K [0x00000007c0000000, 0x0000000800000000)
  region size 1024K, 1 young (1024K), 1 survivors (1024K)
 Metaspace       used 11142K, committed 11392K, reserved 1114112K
  class space    used 1677K, committed 1792K, reserved 1048576K
}
Event: 6.486 GC heap before
{Heap before GC invocations=43 (full 8):
 garbage-first heap   total reserved 1048576K, committed 273408K, used 242739K [0x00000007c0000000, 0x0000000800000000)
  region size 1024K, 160 young (163840K), 1 survivors (1024K)
 Metaspace       used 11146K, committed 11392K, reserved 1114112K
  class space    used 1677K, committed 1792K, reserved 1048576K
}
Event: 6.487 GC heap after
{Heap after GC invocations=44 (full 8):
 garbage-first heap   total reserved 1048576K, committed 273408K, used 79860K [0x00000007c0000000, 0x0000000800000000)
  region size 1024K, 1 young (1024K), 1 survivors (1024K)
 Metaspace       used 11146K, committed 11392K, reserved 1114112K
  class space    used 1677K, committed 1792K, reserved 1048576K
}
Event: 6.717 GC heap before
{Heap before GC invocations=44 (full 8):
 garbage-first heap   total reserved 1048576K, committed 273408K, used 242676K [0x00000007c0000000, 0x0000000800000000)
  region size 1024K, 160 young (163840K), 1 survivors (1024K)
 Metaspace       used 11147K, committed 11392K, reserved 1114112K
  class space    used 1677K, committed 1792K, reserved 1048576K
}
Event: 6.718 GC heap after
{Heap after GC invocations=45 (full 8):
 garbage-first heap   total reserved 1048576K, committed 273408K, used 79866K [0x00000007c0000000, 0x0000000800000000)
  region size 1024K, 1 young (1024K), 1 survivors (1024K)
 Metaspace       used 11147K, committed 11392K, reserved 1114112K
  class space    used 1677K, committed 1792K, reserved 1048576K
}

Dll operation events (6 events):
Event: 0.021 Loaded shared library /Library/Java/JavaVirtualMachines/jdk-22.jdk/Contents/Home/lib/libjava.dylib
Event: 0.092 Loaded shared library /Library/Java/JavaVirtualMachines/jdk-22.jdk/Contents/Home/lib/libnio.dylib
Event: 0.103 Loaded shared library /Library/Java/JavaVirtualMachines/jdk-22.jdk/Contents/Home/lib/libzip.dylib
Event: 0.134 Loaded shared library /Library/Frameworks/Python.framework/Versions/3.12/lib/python3.12/site-packages/_jpype.cpython-312-darwin.so
Event: 0.184 Loaded shared library /Library/Java/JavaVirtualMachines/jdk-22.jdk/Contents/Home/lib/libjimage.dylib
Event: 1.294 Loaded shared library /Library/Java/JavaVirtualMachines/jdk-22.jdk/Contents/Home/lib/libverify.dylib

Deoptimization events (20 events):
Event: 9.425 Thread 0x0000000168397e00 Uncommon trap: trap_request=0xffffff45 fr.pc=0x0000000338e878e0 relative=0x0000000000001a60
Event: 9.425 Thread 0x0000000168397e00 Uncommon trap: reason=unstable_if action=reinterpret pc=0x0000000338e878e0 method=java.lang.String.split(CIZ)[Ljava/lang/String; @ 137 c2
Event: 9.425 Thread 0x0000000168397e00 DEOPT PACKING pc=0x0000000338e878e0 sp=0x000000016f868640
Event: 9.425 Thread 0x0000000168397e00 DEOPT UNPACKING pc=0x000000033889b01c sp=0x000000016f8685d0 mode 2
Event: 9.428 Thread 0x0000000168397e00 Uncommon trap: trap_request=0xffffff45 fr.pc=0x0000000338e3582c relative=0x000000000000016c
Event: 9.428 Thread 0x0000000168397e00 Uncommon trap: reason=unstable_if action=reinterpret pc=0x0000000338e3582c method=java.lang.StringLatin1.hashCode([B)I @ 2 c2
Event: 9.428 Thread 0x0000000168397e00 DEOPT PACKING pc=0x0000000338e3582c sp=0x000000016f868360
Event: 9.428 Thread 0x0000000168397e00 DEOPT UNPACKING pc=0x000000033889b01c sp=0x000000016f8682e0 mode 2
Event: 9.428 Thread 0x0000000168397e00 Uncommon trap: trap_request=0xffffff45 fr.pc=0x0000000338e7dc34 relative=0x0000000000000174
Event: 9.428 Thread 0x0000000168397e00 Uncommon trap: reason=unstable_if action=reinterpret pc=0x0000000338e7dc34 method=java.lang.String.hashCode()I @ 42 c2
Event: 9.428 Thread 0x0000000168397e00 DEOPT PACKING pc=0x0000000338e7dc34 sp=0x000000016f868390
Event: 9.428 Thread 0x0000000168397e00 DEOPT UNPACKING pc=0x000000033889b01c sp=0x000000016f868320 mode 2
Event: 18.235 Thread 0x00000003569daa00 Uncommon trap: trap_request=0xffffff45 fr.pc=0x0000000338fea9bc relative=0x000000000000037c
Event: 18.235 Thread 0x00000003569daa00 Uncommon trap: reason=unstable_if action=reinterpret pc=0x0000000338fea9bc method=java.util.HashMap$HashIterator.nextNode()Ljava/util/HashMap$Node; @ 53 c2
Event: 18.235 Thread 0x00000003569daa00 DEOPT PACKING pc=0x0000000338fea9bc sp=0x00000003580127f0
Event: 18.235 Thread 0x00000003569daa00 DEOPT UNPACKING pc=0x000000033889b01c sp=0x0000000358012780 mode 2
Event: 18.236 Thread 0x000000016e644600 Uncommon trap: trap_request=0xffffffde fr.pc=0x000000033905ccb0 relative=0x0000000000000270
Event: 18.236 Thread 0x000000016e644600 Uncommon trap: reason=class_check action=maybe_recompile pc=0x000000033905ccb0 method=java.lang.Throwable.<init>()V @ 24 c2
Event: 18.236 Thread 0x000000016e644600 DEOPT PACKING pc=0x000000033905ccb0 sp=0x000000034a90e550
Event: 18.236 Thread 0x000000016e644600 DEOPT UNPACKING pc=0x000000033889b01c sp=0x000000034a90e4f0 mode 2

Classes loaded (20 events):
Event: 18.214 Loading class java/lang/System$Logger$Level
Event: 18.215 Loading class java/lang/System$Logger$Level done
Event: 18.216 Loading class jdk/internal/logger/SurrogateLogger
Event: 18.218 Loading class jdk/internal/logger/SimpleConsoleLogger
Event: 18.220 Loading class sun/util/logging/PlatformLogger$ConfigurableBridge$LoggerConfiguration
Event: 18.221 Loading class sun/util/logging/PlatformLogger$ConfigurableBridge$LoggerConfiguration done
Event: 18.221 Loading class jdk/internal/logger/SimpleConsoleLogger done
Event: 18.221 Loading class jdk/internal/logger/SurrogateLogger done
Event: 18.222 Loading class sun/util/logging/PlatformLogger
Event: 18.224 Loading class sun/util/logging/PlatformLogger done
Event: 18.224 Loading class sun/util/logging/PlatformLogger$Level
Event: 18.225 Loading class sun/util/logging/PlatformLogger$Level done
Event: 18.226 Loading class jdk/internal/event/ThreadSleepEvent
Event: 18.226 Loading class jdk/internal/event/Event
Event: 18.226 Loading class jdk/internal/event/Event done
Event: 18.226 Loading class jdk/internal/event/ThreadSleepEvent done
Event: 18.240 Loading class java/util/WeakHashMap$KeyIterator
Event: 18.240 Loading class java/util/WeakHashMap$HashIterator
Event: 18.240 Loading class java/util/WeakHashMap$HashIterator done
Event: 18.240 Loading class java/util/WeakHashMap$KeyIterator done

Classes unloaded (0 events):
No events

Classes redefined (0 events):
No events

Internal exceptions (20 events):
Event: 0.175 Thread 0x0000000168397e00 Exception <a 'java/lang/NoSuchMethodError'{0x00000007c7dd0378}: 'int java.lang.invoke.DirectMethodHandle$Holder.invokeSpecial(java.lang.Object, java.lang.Object, java.lang.Object)'> (0x00000007c7dd0378) 
thrown [open/src/hotspot/share/interpreter/linkResolver.cpp, line 774]
Event: 0.177 Thread 0x0000000168397e00 Exception <a 'java/lang/NoSuchMethodError'{0x00000007c7de2928}: 'int java.lang.invoke.Invokers$Holder.invokeExact_MT(java.lang.Object, java.lang.Object, java.lang.Object)'> (0x00000007c7de2928) 
thrown [open/src/hotspot/share/interpreter/linkResolver.cpp, line 774]
Event: 0.200 Thread 0x0000000168397e00 Exception <a 'java/lang/IncompatibleClassChangeError'{0x00000007c7b74c80}: Found class java.lang.Object, but interface was expected> (0x00000007c7b74c80) 
thrown [open/src/hotspot/share/interpreter/linkResolver.cpp, line 841]
Event: 0.217 Thread 0x0000000168397e00 Exception <a 'java/lang/NoSuchMethodError'{0x00000007c7a6c960}: method resolution failed> (0x00000007c7a6c960) 
thrown [open/src/hotspot/share/prims/methodHandles.cpp, line 1146]
Event: 0.217 Thread 0x0000000168397e00 Exception <a 'java/lang/NoSuchMethodError'{0x00000007c7a71180}: 'java.lang.Object java.lang.invoke.DirectMethodHandle$Holder.invokeStatic(java.lang.Object, java.lang.Object, int)'> (0x00000007c7a71180) 
thrown [open/src/hotspot/share/interpreter/linkResolver.cpp, line 774]
Event: 0.218 Thread 0x0000000168397e00 Exception <a 'java/lang/NoSuchMethodError'{0x00000007c7a7cbc8}: 'void java.lang.invoke.DelegatingMethodHandle$Holder.delegate(java.lang.Object, java.lang.Object, int, java.lang.Object)'> (0x00000007c7a7cbc8) 
thrown [open/src/hotspot/share/interpreter/linkResolver.cpp, line 774]
Event: 1.273 Thread 0x0000000168397e00 Exception <a 'java/lang/NoSuchMethodError'{0x00000007c0c1fac0}: 'java.lang.Object java.lang.invoke.DirectMethodHandle$Holder.invokeStaticInit(java.lang.Object, java.lang.Object, java.lang.Object)'> (0x00000007c0c1fac0) 
thrown [open/src/hotspot/share/interpreter/linkResolver.cpp, line 774]
Event: 1.329 Thread 0x0000000168397e00 Exception <a 'java/lang/NoSuchMethodError'{0x00000007c16dbf48}: 'java.lang.Object java.lang.invoke.DirectMethodHandle$Holder.invokeStatic(java.lang.Object, java.lang.Object, int, java.lang.Object, java.lang.Object)'> (0x00000007c16dbf48) 
thrown [open/src/hotspot/share/interpreter/linkResolver.cpp, line 774]
Event: 1.329 Thread 0x0000000168397e00 Exception <a 'java/lang/NoSuchMethodError'{0x00000007c16e5280}: 'java.lang.Object java.lang.invoke.DirectMethodHandle$Holder.newInvokeSpecial(java.lang.Object, java.lang.Object, int, java.lang.Object)'> (0x00000007c16e5280) 
thrown [open/src/hotspot/share/interpreter/linkResolver.cpp, line 774]
Event: 1.329 Thread 0x0000000168397e00 Exception <a 'java/lang/NoSuchMethodError'{0x00000007c16e8e30}: 'java.lang.Object java.lang.invoke.DirectMethodHandle$Holder.invokeSpecial(java.lang.Object, java.lang.Object, java.lang.Object, int, java.lang.Object)'> (0x00000007c16e8e30) 
thrown [open/src/hotspot/share/interpreter/linkResolver.cpp, line 774]
Event: 1.340 Thread 0x0000000168397e00 Exception <a 'java/lang/NoSuchMethodError'{0x00000007c159d328}: 'java.lang.Object java.lang.invoke.DirectMethodHandle$Holder.invokeStaticInit(java.lang.Object, java.lang.Object, java.lang.Object, java.lang.Object)'> (0x00000007c159d328) 
thrown [open/src/hotspot/share/interpreter/linkResolver.cpp, line 774]
Event: 1.496 Thread 0x0000000168397e00 Exception <a 'java/lang/NoSuchMethodError'{0x00000007c19cfc58}: 'java.lang.Object java.lang.invoke.DirectMethodHandle$Holder.invokeStatic(java.lang.Object, java.lang.Object, int, java.lang.Object)'> (0x00000007c19cfc58) 
thrown [open/src/hotspot/share/interpreter/linkResolver.cpp, line 774]
Event: 1.496 Thread 0x0000000168397e00 Exception <a 'java/lang/NoSuchMethodError'{0x00000007c19d78d0}: 'java.lang.Object java.lang.invoke.DirectMethodHandle$Holder.newInvokeSpecial(java.lang.Object, java.lang.Object, int)'> (0x00000007c19d78d0) 
thrown [open/src/hotspot/share/interpreter/linkResolver.cpp, line 774]
Event: 1.499 Thread 0x0000000168397e00 Exception <a 'java/lang/NoSuchMethodError'{0x00000007c19f97c8}: 'java.lang.Object java.lang.invoke.DirectMethodHandle$Holder.invokeStatic(java.lang.Object, int, java.lang.Object)'> (0x00000007c19f97c8) 
thrown [open/src/hotspot/share/interpreter/linkResolver.cpp, line 774]
Event: 1.953 Thread 0x0000000168397e00 Exception <a 'java/lang/NoSuchMethodError'{0x00000007cec5a550}: 'java.lang.Object java.lang.invoke.DirectMethodHandle$Holder.newInvokeSpecial(java.lang.Object, java.lang.Object, java.lang.Object, java.lang.Object, java.lang.Object, int)'> (0x00000007cec5a550) 
thrown [open/src/hotspot/share/interpreter/linkResolver.cpp, line 774]
Event: 1.953 Thread 0x0000000168397e00 Exception <a 'java/lang/NoSuchMethodError'{0x00000007cec5ea08}: 'java.lang.Object java.lang.invoke.DirectMethodHandle$Holder.invokeSpecial(java.lang.Object, java.lang.Object, java.lang.Object, java.lang.Object, java.lang.Object, java.lang.Object, int)'> (0x00000007cec5ea08) 
thrown [open/src/hotspot/share/interpreter/linkResolver.cpp, line 774]
Event: 1.972 Thread 0x0000000168397e00 Exception <a 'java/lang/NoSuchMethodError'{0x00000007cecfd8a8}: 'java.lang.Object java.lang.invoke.DirectMethodHandle$Holder.newInvokeSpecial(java.lang.Object, java.lang.Object, java.lang.Object, java.lang.Object, int, java.lang.Object)'> (0x00000007cecfd8a8) 
thrown [open/src/hotspot/share/interpreter/linkResolver.cpp, line 774]
Event: 1.972 Thread 0x0000000168397e00 Exception <a 'java/lang/NoSuchMethodError'{0x00000007ceb119f8}: 'java.lang.Object java.lang.invoke.DirectMethodHandle$Holder.invokeSpecial(java.lang.Object, java.lang.Object, java.lang.Object, java.lang.Object, java.lang.Object, int, java.lang.Object)'> (0x00000007ceb119f8) 
thrown [open/src/hotspot/share/interpreter/linkResolver.cpp, line 774]
Event: 1.981 Thread 0x0000000168397e00 Exception <a 'java/lang/NoSuchMethodError'{0x00000007ceb524c0}: 'java.lang.Object java.lang.invoke.Invokers$Holder.invoke_MT(java.lang.Object, java.lang.Object, java.lang.Object, java.lang.Object, java.lang.Object, java.lang.Object)'> (0x00000007ceb524c0) 
thrown [open/src/hotspot/share/interpreter/linkResolver.cpp, line 774]
Event: 2.617 Thread 0x0000000168397e00 Exception <a 'java/lang/NoSuchMethodError'{0x00000007d0c00b38}: 'int java.lang.invoke.DirectMethodHandle$Holder.invokeVirtual(java.lang.Object, java.lang.Object)'> (0x00000007d0c00b38) 
thrown [open/src/hotspot/share/interpreter/linkResolver.cpp, line 774]

ZGC Phase Switch (0 events):
No events

VM Operations (20 events):
Event: 5.142 Executing VM operation: G1CollectForAllocation (G1 Evacuation Pause) done
Event: 5.347 Executing VM operation: G1CollectForAllocation (G1 Evacuation Pause)
Event: 5.348 Executing VM operation: G1CollectForAllocation (G1 Evacuation Pause) done
Event: 5.551 Executing VM operation: G1CollectForAllocation (G1 Evacuation Pause)
Event: 5.552 Executing VM operation: G1CollectForAllocation (G1 Evacuation Pause) done
Event: 5.768 Executing VM operation: G1CollectForAllocation (G1 Evacuation Pause)
Event: 5.769 Executing VM operation: G1CollectForAllocation (G1 Evacuation Pause) done
Event: 5.976 Executing VM operation: G1CollectForAllocation (G1 Evacuation Pause)
Event: 5.977 Executing VM operation: G1CollectForAllocation (G1 Evacuation Pause) done
Event: 6.236 Executing VM operation: G1CollectForAllocation (G1 Evacuation Pause)
Event: 6.238 Executing VM operation: G1CollectForAllocation (G1 Evacuation Pause) done
Event: 6.486 Executing VM operation: G1CollectForAllocation (G1 Evacuation Pause)
Event: 6.487 Executing VM operation: G1CollectForAllocation (G1 Evacuation Pause) done
Event: 6.717 Executing VM operation: G1CollectForAllocation (G1 Evacuation Pause)
Event: 6.718 Executing VM operation: G1CollectForAllocation (G1 Evacuation Pause) done
Event: 9.727 Executing VM operation: Cleanup
Event: 9.727 Executing VM operation: Cleanup done
Event: 18.234 Executing VM operation: ThreadDump
Event: 18.234 Executing VM operation: ThreadDump done
Event: 18.242 Executing VM operation: Exit

Memory protections (17 events):
Event: 0.013 Protecting memory [0x000000016e86c000,0x000000016e878000] with protection modes 0
Event: 0.075 Protecting memory [0x00000003494a0000,0x00000003494ac000] with protection modes 0
Event: 0.075 Protecting memory [0x00000003496ac000,0x00000003496b8000] with protection modes 0
Event: 0.075 Protecting memory [0x00000003498b8000,0x00000003498c4000] with protection modes 0
Event: 0.076 Protecting memory [0x0000000349ac4000,0x0000000349ad0000] with protection modes 0
Event: 0.076 Protecting memory [0x0000000349cd0000,0x0000000349cdc000] with protection modes 0
Event: 0.076 Protecting memory [0x0000000349edc000,0x0000000349ee8000] with protection modes 0
Event: 0.076 Protecting memory [0x000000034a0e8000,0x000000034a0f4000] with protection modes 0